-------------------------------------------------------------------------------
Test set: SitterMgdTest
-------------------------------------------------------------------------------
Tests run: 4, Failures: 0, Errors: 3, Skipped: 0, Time elapsed: 0.383 sec <<< FAILURE!
sitterGetTest(SitterMgdTest)  Time elapsed: 0.205 sec  <<< ERROR!
org.bson.codecs.configuration.CodecConfigurationException: An exception occurred when decoding using the AutomaticPojoCodec.
Decoding into a 'SitterMgd' failed with the following exception:

Could not construct new instance of: SitterMgd. Missing the following properties: [sitter_type, base_price, last_name, min_age, first_name, is_available]

A custom Codec or PojoCodec may need to be explicitly configured and registered to handle this type.
	at org.bson.codecs.pojo.AutomaticPojoCodec.decode(AutomaticPojoCodec.java:40)
	at com.mongodb.internal.operation.CommandResultArrayCodec.decode(CommandResultArrayCodec.java:52)
	at com.mongodb.internal.operation.CommandResultDocumentCodec.readValue(CommandResultDocumentCodec.java:60)
	at org.bson.codecs.BsonDocumentCodec.decode(BsonDocumentCodec.java:87)
	at org.bson.codecs.BsonDocumentCodec.decode(BsonDocumentCodec.java:42)
	at org.bson.internal.LazyCodec.decode(LazyCodec.java:48)
	at org.bson.codecs.BsonDocumentCodec.readValue(BsonDocumentCodec.java:104)
	at com.mongodb.internal.operation.CommandResultDocumentCodec.readValue(CommandResultDocumentCodec.java:63)
	at org.bson.codecs.BsonDocumentCodec.decode(BsonDocumentCodec.java:87)
	at org.bson.codecs.BsonDocumentCodec.decode(BsonDocumentCodec.java:42)
	at com.mongodb.internal.connection.ReplyMessage.<init>(ReplyMessage.java:51)
	at com.mongodb.internal.connection.InternalStreamConnection.getCommandResult(InternalStreamConnection.java:476)
	at com.mongodb.internal.connection.InternalStreamConnection.receiveCommandMessageResponse(InternalStreamConnection.java:366)
	at com.mongodb.internal.connection.InternalStreamConnection.sendAndReceive(InternalStreamConnection.java:279)
	at com.mongodb.internal.connection.UsageTrackingInternalConnection.sendAndReceive(UsageTrackingInternalConnection.java:100)
	at com.mongodb.internal.connection.DefaultConnectionPool$PooledConnection.sendAndReceive(DefaultConnectionPool.java:490)
	at com.mongodb.internal.connection.CommandProtocolImpl.execute(CommandProtocolImpl.java:71)
	at com.mongodb.internal.connection.DefaultServer$DefaultServerProtocolExecutor.execute(DefaultServer.java:253)
	at com.mongodb.internal.connection.DefaultServerConnection.executeProtocol(DefaultServerConnection.java:202)
	at com.mongodb.internal.connection.DefaultServerConnection.command(DefaultServerConnection.java:118)
	at com.mongodb.internal.connection.DefaultServerConnection.command(DefaultServerConnection.java:110)
	at com.mongodb.internal.operation.CommandOperationHelper.executeCommand(CommandOperationHelper.java:345)
	at com.mongodb.internal.operation.CommandOperationHelper.executeCommand(CommandOperationHelper.java:336)
	at com.mongodb.internal.operation.CommandOperationHelper.executeCommandWithConnection(CommandOperationHelper.java:222)
	at com.mongodb.internal.operation.FindOperation$1.call(FindOperation.java:658)
	at com.mongodb.internal.operation.FindOperation$1.call(FindOperation.java:652)
	at com.mongodb.internal.operation.OperationHelper.withReadConnectionSource(OperationHelper.java:583)
	at com.mongodb.internal.operation.FindOperation.execute(FindOperation.java:652)
	at com.mongodb.internal.operation.FindOperation.execute(FindOperation.java:80)
	at com.mongodb.client.internal.MongoClientDelegate$DelegateOperationExecutor.execute(MongoClientDelegate.java:170)
	at com.mongodb.client.internal.FindIterableImpl.first(FindIterableImpl.java:200)
	at repositories.SitterRepositoryMgd.get(SitterRepositoryMgd.java:23)
	at SitterMgdTest.sitterGetTest(SitterMgdTest.java:25)
	at java.base/jdk.internal.reflect.NativeMethodAccessorImpl.invoke0(Native Method)
	at java.base/jdk.internal.reflect.NativeMethodAccessorImpl.invoke(NativeMethodAccessorImpl.java:77)
	at java.base/jdk.internal.reflect.DelegatingMethodAccessorImpl.invoke(DelegatingMethodAccessorImpl.java:43)
	at java.base/java.lang.reflect.Method.invoke(Method.java:568)
	at org.junit.runners.model.FrameworkMethod$1.runReflectiveCall(FrameworkMethod.java:59)
	at org.junit.internal.runners.model.ReflectiveCallable.run(ReflectiveCallable.java:12)
	at org.junit.runners.model.FrameworkMethod.invokeExplosively(FrameworkMethod.java:56)
	at org.junit.internal.runners.statements.InvokeMethod.evaluate(InvokeMethod.java:17)
	at org.junit.runners.ParentRunner$3.evaluate(ParentRunner.java:306)
	at org.junit.runners.BlockJUnit4ClassRunner$1.evaluate(BlockJUnit4ClassRunner.java:100)
	at org.junit.runners.ParentRunner.runLeaf(ParentRunner.java:366)
	at org.junit.runners.BlockJUnit4ClassRunner.runChild(BlockJUnit4ClassRunner.java:103)
	at org.junit.runners.BlockJUnit4ClassRunner.runChild(BlockJUnit4ClassRunner.java:63)
	at org.junit.runners.ParentRunner$4.run(ParentRunner.java:331)
	at org.junit.runners.ParentRunner$1.schedule(ParentRunner.java:79)
	at org.junit.runners.ParentRunner.runChildren(ParentRunner.java:329)
	at org.junit.runners.ParentRunner.access$100(ParentRunner.java:66)
	at org.junit.runners.ParentRunner$2.evaluate(ParentRunner.java:293)
	at org.junit.runners.ParentRunner$3.evaluate(ParentRunner.java:306)
	at org.junit.runners.ParentRunner.run(ParentRunner.java:413)
	at org.apache.maven.surefire.junit4.JUnit4Provider.execute(JUnit4Provider.java:252)
	at org.apache.maven.surefire.junit4.JUnit4Provider.executeTestSet(JUnit4Provider.java:141)
	at org.apache.maven.surefire.junit4.JUnit4Provider.invoke(JUnit4Provider.java:112)
	at java.base/jdk.internal.reflect.NativeMethodAccessorImpl.invoke0(Native Method)
	at java.base/jdk.internal.reflect.NativeMethodAccessorImpl.invoke(NativeMethodAccessorImpl.java:77)
	at java.base/jdk.internal.reflect.DelegatingMethodAccessorImpl.invoke(DelegatingMethodAccessorImpl.java:43)
	at java.base/java.lang.reflect.Method.invoke(Method.java:568)
	at org.apache.maven.surefire.util.ReflectionUtils.invokeMethodWithArray(ReflectionUtils.java:189)
	at org.apache.maven.surefire.booter.ProviderFactory$ProviderProxy.invoke(ProviderFactory.java:165)
	at org.apache.maven.surefire.booter.ProviderFactory.invokeProvider(ProviderFactory.java:85)
	at org.apache.maven.surefire.booter.ForkedBooter.runSuitesInProcess(ForkedBooter.java:115)
	at org.apache.maven.surefire.booter.ForkedBooter.main(ForkedBooter.java:75)
Caused by: org.bson.codecs.configuration.CodecConfigurationException: Could not construct new instance of: SitterMgd. Missing the following properties: [sitter_type, base_price, last_name, min_age, first_name, is_available]
	at org.bson.codecs.pojo.InstanceCreatorImpl.getInstance(InstanceCreatorImpl.java:94)
	at org.bson.codecs.pojo.PojoCodecImpl.decode(PojoCodecImpl.java:104)
	at org.bson.codecs.pojo.PojoCodecImpl.decode(PojoCodecImpl.java:107)
	at org.bson.codecs.pojo.AutomaticPojoCodec.decode(AutomaticPojoCodec.java:37)
	... 64 more
Caused by: org.bson.codecs.configuration.CodecConfigurationException
	at org.bson.codecs.pojo.InstanceCreatorImpl.constructInstanceAndProcessCachedValues(InstanceCreatorImpl.java:106)
	at org.bson.codecs.pojo.InstanceCreatorImpl.getInstance(InstanceCreatorImpl.java:92)
	... 67 more
Caused by: org.bson.codecs.configuration.CodecConfigurationException
	at org.bson.codecs.pojo.CreatorExecutable.getInstance(CreatorExecutable.java:129)
	at org.bson.codecs.pojo.InstanceCreatorImpl.constructInstanceAndProcessCachedValues(InstanceCreatorImpl.java:104)
	... 68 more
Caused by: java.lang.IllegalArgumentException
	at java.base/jdk.internal.reflect.NativeConstructorAccessorImpl.newInstance0(Native Method)
	at java.base/jdk.internal.reflect.NativeConstructorAccessorImpl.newInstance(NativeConstructorAccessorImpl.java:77)
	at java.base/jdk.internal.reflect.DelegatingConstructorAccessorImpl.newInstance(DelegatingConstructorAccessorImpl.java:45)
	at java.base/java.lang.reflect.Constructor.newInstanceWithCaller(Constructor.java:499)
	at java.base/java.lang.reflect.Constructor.newInstance(Constructor.java:480)
	at org.bson.codecs.pojo.CreatorExecutable.getInstance(CreatorExecutable.java:124)
	... 69 more

sitterRemoveTest(SitterMgdTest)  Time elapsed: 0.079 sec  <<< ERROR!
org.bson.codecs.configuration.CodecConfigurationException: An exception occurred when decoding using the AutomaticPojoCodec.
Decoding into a 'SitterMgd' failed with the following exception:

Could not construct new instance of: SitterMgd. Missing the following properties: [sitter_type, base_price, last_name, min_age, first_name, is_available]

A custom Codec or PojoCodec may need to be explicitly configured and registered to handle this type.
	at org.bson.codecs.pojo.AutomaticPojoCodec.decode(AutomaticPojoCodec.java:40)
	at com.mongodb.internal.operation.CommandResultDocumentCodec.readValue(CommandResultDocumentCodec.java:58)
	at org.bson.codecs.BsonDocumentCodec.decode(BsonDocumentCodec.java:87)
	at org.bson.codecs.BsonDocumentCodec.decode(BsonDocumentCodec.java:42)
	at com.mongodb.internal.connection.ReplyMessage.<init>(ReplyMessage.java:51)
	at com.mongodb.internal.connection.InternalStreamConnection.getCommandResult(InternalStreamConnection.java:476)
	at com.mongodb.internal.connection.InternalStreamConnection.receiveCommandMessageResponse(InternalStreamConnection.java:366)
	at com.mongodb.internal.connection.InternalStreamConnection.sendAndReceive(InternalStreamConnection.java:279)
	at com.mongodb.internal.connection.UsageTrackingInternalConnection.sendAndReceive(UsageTrackingInternalConnection.java:100)
	at com.mongodb.internal.connection.DefaultConnectionPool$PooledConnection.sendAndReceive(DefaultConnectionPool.java:490)
	at com.mongodb.internal.connection.CommandProtocolImpl.execute(CommandProtocolImpl.java:71)
	at com.mongodb.internal.connection.DefaultServer$DefaultServerProtocolExecutor.execute(DefaultServer.java:253)
	at com.mongodb.internal.connection.DefaultServerConnection.executeProtocol(DefaultServerConnection.java:202)
	at com.mongodb.internal.connection.DefaultServerConnection.command(DefaultServerConnection.java:118)
	at com.mongodb.internal.connection.DefaultServerConnection.command(DefaultServerConnection.java:110)
	at com.mongodb.internal.operation.CommandOperationHelper$13.call(CommandOperationHelper.java:712)
	at com.mongodb.internal.operation.OperationHelper.withReleasableConnection(OperationHelper.java:621)
	at com.mongodb.internal.operation.CommandOperationHelper.executeRetryableCommand(CommandOperationHelper.java:705)
	at com.mongodb.internal.operation.CommandOperationHelper.executeRetryableCommand(CommandOperationHelper.java:697)
	at com.mongodb.internal.operation.BaseFindAndModifyOperation.execute(BaseFindAndModifyOperation.java:69)
	at com.mongodb.client.internal.MongoClientDelegate$DelegateOperationExecutor.execute(MongoClientDelegate.java:187)
	at com.mongodb.client.internal.MongoCollectionImpl.executeFindOneAndDelete(MongoCollectionImpl.java:689)
	at com.mongodb.client.internal.MongoCollectionImpl.findOneAndDelete(MongoCollectionImpl.java:670)
	at com.mongodb.client.internal.MongoCollectionImpl.findOneAndDelete(MongoCollectionImpl.java:664)
	at repositories.SitterRepositoryMgd.remove(SitterRepositoryMgd.java:48)
	at managers.SitterManagerMgd.remove(SitterManagerMgd.java:23)
	at SitterMgdTest.sitterRemoveTest(SitterMgdTest.java:81)
	at java.base/jdk.internal.reflect.NativeMethodAccessorImpl.invoke0(Native Method)
	at java.base/jdk.internal.reflect.NativeMethodAccessorImpl.invoke(NativeMethodAccessorImpl.java:77)
	at java.base/jdk.internal.reflect.DelegatingMethodAccessorImpl.invoke(DelegatingMethodAccessorImpl.java:43)
	at java.base/java.lang.reflect.Method.invoke(Method.java:568)
	at org.junit.runners.model.FrameworkMethod$1.runReflectiveCall(FrameworkMethod.java:59)
	at org.junit.internal.runners.model.ReflectiveCallable.run(ReflectiveCallable.java:12)
	at org.junit.runners.model.FrameworkMethod.invokeExplosively(FrameworkMethod.java:56)
	at org.junit.internal.runners.statements.InvokeMethod.evaluate(InvokeMethod.java:17)
	at org.junit.runners.ParentRunner$3.evaluate(ParentRunner.java:306)
	at org.junit.runners.BlockJUnit4ClassRunner$1.evaluate(BlockJUnit4ClassRunner.java:100)
	at org.junit.runners.ParentRunner.runLeaf(ParentRunner.java:366)
	at org.junit.runners.BlockJUnit4ClassRunner.runChild(BlockJUnit4ClassRunner.java:103)
	at org.junit.runners.BlockJUnit4ClassRunner.runChild(BlockJUnit4ClassRunner.java:63)
	at org.junit.runners.ParentRunner$4.run(ParentRunner.java:331)
	at org.junit.runners.ParentRunner$1.schedule(ParentRunner.java:79)
	at org.junit.runners.ParentRunner.runChildren(ParentRunner.java:329)
	at org.junit.runners.ParentRunner.access$100(ParentRunner.java:66)
	at org.junit.runners.ParentRunner$2.evaluate(ParentRunner.java:293)
	at org.junit.runners.ParentRunner$3.evaluate(ParentRunner.java:306)
	at org.junit.runners.ParentRunner.run(ParentRunner.java:413)
	at org.apache.maven.surefire.junit4.JUnit4Provider.execute(JUnit4Provider.java:252)
	at org.apache.maven.surefire.junit4.JUnit4Provider.executeTestSet(JUnit4Provider.java:141)
	at org.apache.maven.surefire.junit4.JUnit4Provider.invoke(JUnit4Provider.java:112)
	at java.base/jdk.internal.reflect.NativeMethodAccessorImpl.invoke0(Native Method)
	at java.base/jdk.internal.reflect.NativeMethodAccessorImpl.invoke(NativeMethodAccessorImpl.java:77)
	at java.base/jdk.internal.reflect.DelegatingMethodAccessorImpl.invoke(DelegatingMethodAccessorImpl.java:43)
	at java.base/java.lang.reflect.Method.invoke(Method.java:568)
	at org.apache.maven.surefire.util.ReflectionUtils.invokeMethodWithArray(ReflectionUtils.java:189)
	at org.apache.maven.surefire.booter.ProviderFactory$ProviderProxy.invoke(ProviderFactory.java:165)
	at org.apache.maven.surefire.booter.ProviderFactory.invokeProvider(ProviderFactory.java:85)
	at org.apache.maven.surefire.booter.ForkedBooter.runSuitesInProcess(ForkedBooter.java:115)
	at org.apache.maven.surefire.booter.ForkedBooter.main(ForkedBooter.java:75)
Caused by: org.bson.codecs.configuration.CodecConfigurationException: Could not construct new instance of: SitterMgd. Missing the following properties: [sitter_type, base_price, last_name, min_age, first_name, is_available]
	at org.bson.codecs.pojo.InstanceCreatorImpl.getInstance(InstanceCreatorImpl.java:94)
	at org.bson.codecs.pojo.PojoCodecImpl.decode(PojoCodecImpl.java:104)
	at org.bson.codecs.pojo.PojoCodecImpl.decode(PojoCodecImpl.java:107)
	at org.bson.codecs.pojo.AutomaticPojoCodec.decode(AutomaticPojoCodec.java:37)
	... 58 more
Caused by: org.bson.codecs.configuration.CodecConfigurationException
	at org.bson.codecs.pojo.InstanceCreatorImpl.constructInstanceAndProcessCachedValues(InstanceCreatorImpl.java:106)
	at org.bson.codecs.pojo.InstanceCreatorImpl.getInstance(InstanceCreatorImpl.java:92)
	... 61 more
Caused by: org.bson.codecs.configuration.CodecConfigurationException
	at org.bson.codecs.pojo.CreatorExecutable.getInstance(CreatorExecutable.java:129)
	at org.bson.codecs.pojo.InstanceCreatorImpl.constructInstanceAndProcessCachedValues(InstanceCreatorImpl.java:104)
	... 62 more
Caused by: java.lang.IllegalArgumentException
	at java.base/jdk.internal.reflect.NativeConstructorAccessorImpl.newInstance0(Native Method)
	at java.base/jdk.internal.reflect.NativeConstructorAccessorImpl.newInstance(NativeConstructorAccessorImpl.java:77)
	at java.base/jdk.internal.reflect.DelegatingConstructorAccessorImpl.newInstance(DelegatingConstructorAccessorImpl.java:45)
	at java.base/java.lang.reflect.Constructor.newInstanceWithCaller(Constructor.java:499)
	at java.base/java.lang.reflect.Constructor.newInstance(Constructor.java:480)
	at org.bson.codecs.pojo.CreatorExecutable.getInstance(CreatorExecutable.java:124)
	... 63 more

sitterUpdateTest(SitterMgdTest)  Time elapsed: 0.036 sec  <<< ERROR!
org.bson.codecs.configuration.CodecConfigurationException: An exception occurred when decoding using the AutomaticPojoCodec.
Decoding into a 'SitterMgd' failed with the following exception:

Could not construct new instance of: SitterMgd. Missing the following properties: [sitter_type, base_price, last_name, min_age, first_name, is_available]

A custom Codec or PojoCodec may need to be explicitly configured and registered to handle this type.
	at org.bson.codecs.pojo.AutomaticPojoCodec.decode(AutomaticPojoCodec.java:40)
	at com.mongodb.internal.operation.CommandResultArrayCodec.decode(CommandResultArrayCodec.java:52)
	at com.mongodb.internal.operation.CommandResultDocumentCodec.readValue(CommandResultDocumentCodec.java:60)
	at org.bson.codecs.BsonDocumentCodec.decode(BsonDocumentCodec.java:87)
	at org.bson.codecs.BsonDocumentCodec.decode(BsonDocumentCodec.java:42)
	at org.bson.internal.LazyCodec.decode(LazyCodec.java:48)
	at org.bson.codecs.BsonDocumentCodec.readValue(BsonDocumentCodec.java:104)
	at com.mongodb.internal.operation.CommandResultDocumentCodec.readValue(CommandResultDocumentCodec.java:63)
	at org.bson.codecs.BsonDocumentCodec.decode(BsonDocumentCodec.java:87)
	at org.bson.codecs.BsonDocumentCodec.decode(BsonDocumentCodec.java:42)
	at com.mongodb.internal.connection.ReplyMessage.<init>(ReplyMessage.java:51)
	at com.mongodb.internal.connection.InternalStreamConnection.getCommandResult(InternalStreamConnection.java:476)
	at com.mongodb.internal.connection.InternalStreamConnection.receiveCommandMessageResponse(InternalStreamConnection.java:366)
	at com.mongodb.internal.connection.InternalStreamConnection.sendAndReceive(InternalStreamConnection.java:279)
	at com.mongodb.internal.connection.UsageTrackingInternalConnection.sendAndReceive(UsageTrackingInternalConnection.java:100)
	at com.mongodb.internal.connection.DefaultConnectionPool$PooledConnection.sendAndReceive(DefaultConnectionPool.java:490)
	at com.mongodb.internal.connection.CommandProtocolImpl.execute(CommandProtocolImpl.java:71)
	at com.mongodb.internal.connection.DefaultServer$DefaultServerProtocolExecutor.execute(DefaultServer.java:253)
	at com.mongodb.internal.connection.DefaultServerConnection.executeProtocol(DefaultServerConnection.java:202)
	at com.mongodb.internal.connection.DefaultServerConnection.command(DefaultServerConnection.java:118)
	at com.mongodb.internal.connection.DefaultServerConnection.command(DefaultServerConnection.java:110)
	at com.mongodb.internal.operation.CommandOperationHelper.executeCommand(CommandOperationHelper.java:345)
	at com.mongodb.internal.operation.CommandOperationHelper.executeCommand(CommandOperationHelper.java:336)
	at com.mongodb.internal.operation.CommandOperationHelper.executeCommandWithConnection(CommandOperationHelper.java:222)
	at com.mongodb.internal.operation.FindOperation$1.call(FindOperation.java:658)
	at com.mongodb.internal.operation.FindOperation$1.call(FindOperation.java:652)
	at com.mongodb.internal.operation.OperationHelper.withReadConnectionSource(OperationHelper.java:583)
	at com.mongodb.internal.operation.FindOperation.execute(FindOperation.java:652)
	at com.mongodb.internal.operation.FindOperation.execute(FindOperation.java:80)
	at com.mongodb.client.internal.MongoClientDelegate$DelegateOperationExecutor.execute(MongoClientDelegate.java:170)
	at com.mongodb.client.internal.FindIterableImpl.first(FindIterableImpl.java:200)
	at repositories.SitterRepositoryMgd.getByEntityId(SitterRepositoryMgd.java:28)
	at SitterMgdTest.sitterUpdateTest(SitterMgdTest.java:60)
	at java.base/jdk.internal.reflect.NativeMethodAccessorImpl.invoke0(Native Method)
	at java.base/jdk.internal.reflect.NativeMethodAccessorImpl.invoke(NativeMethodAccessorImpl.java:77)
	at java.base/jdk.internal.reflect.DelegatingMethodAccessorImpl.invoke(DelegatingMethodAccessorImpl.java:43)
	at java.base/java.lang.reflect.Method.invoke(Method.java:568)
	at org.junit.runners.model.FrameworkMethod$1.runReflectiveCall(FrameworkMethod.java:59)
	at org.junit.internal.runners.model.ReflectiveCallable.run(ReflectiveCallable.java:12)
	at org.junit.runners.model.FrameworkMethod.invokeExplosively(FrameworkMethod.java:56)
	at org.junit.internal.runners.statements.InvokeMethod.evaluate(InvokeMethod.java:17)
	at org.junit.runners.ParentRunner$3.evaluate(ParentRunner.java:306)
	at org.junit.runners.BlockJUnit4ClassRunner$1.evaluate(BlockJUnit4ClassRunner.java:100)
	at org.junit.runners.ParentRunner.runLeaf(ParentRunner.java:366)
	at org.junit.runners.BlockJUnit4ClassRunner.runChild(BlockJUnit4ClassRunner.java:103)
	at org.junit.runners.BlockJUnit4ClassRunner.runChild(BlockJUnit4ClassRunner.java:63)
	at org.junit.runners.ParentRunner$4.run(ParentRunner.java:331)
	at org.junit.runners.ParentRunner$1.schedule(ParentRunner.java:79)
	at org.junit.runners.ParentRunner.runChildren(ParentRunner.java:329)
	at org.junit.runners.ParentRunner.access$100(ParentRunner.java:66)
	at org.junit.runners.ParentRunner$2.evaluate(ParentRunner.java:293)
	at org.junit.runners.ParentRunner$3.evaluate(ParentRunner.java:306)
	at org.junit.runners.ParentRunner.run(ParentRunner.java:413)
	at org.apache.maven.surefire.junit4.JUnit4Provider.execute(JUnit4Provider.java:252)
	at org.apache.maven.surefire.junit4.JUnit4Provider.executeTestSet(JUnit4Provider.java:141)
	at org.apache.maven.surefire.junit4.JUnit4Provider.invoke(JUnit4Provider.java:112)
	at java.base/jdk.internal.reflect.NativeMethodAccessorImpl.invoke0(Native Method)
	at java.base/jdk.internal.reflect.NativeMethodAccessorImpl.invoke(NativeMethodAccessorImpl.java:77)
	at java.base/jdk.internal.reflect.DelegatingMethodAccessorImpl.invoke(DelegatingMethodAccessorImpl.java:43)
	at java.base/java.lang.reflect.Method.invoke(Method.java:568)
	at org.apache.maven.surefire.util.ReflectionUtils.invokeMethodWithArray(ReflectionUtils.java:189)
	at org.apache.maven.surefire.booter.ProviderFactory$ProviderProxy.invoke(ProviderFactory.java:165)
	at org.apache.maven.surefire.booter.ProviderFactory.invokeProvider(ProviderFactory.java:85)
	at org.apache.maven.surefire.booter.ForkedBooter.runSuitesInProcess(ForkedBooter.java:115)
	at org.apache.maven.surefire.booter.ForkedBooter.main(ForkedBooter.java:75)
Caused by: org.bson.codecs.configuration.CodecConfigurationException: Could not construct new instance of: SitterMgd. Missing the following properties: [sitter_type, base_price, last_name, min_age, first_name, is_available]
	at org.bson.codecs.pojo.InstanceCreatorImpl.getInstance(InstanceCreatorImpl.java:94)
	at org.bson.codecs.pojo.PojoCodecImpl.decode(PojoCodecImpl.java:104)
	at org.bson.codecs.pojo.PojoCodecImpl.decode(PojoCodecImpl.java:107)
	at org.bson.codecs.pojo.AutomaticPojoCodec.decode(AutomaticPojoCodec.java:37)
	... 64 more
Caused by: org.bson.codecs.configuration.CodecConfigurationException
	at org.bson.codecs.pojo.InstanceCreatorImpl.constructInstanceAndProcessCachedValues(InstanceCreatorImpl.java:106)
	at org.bson.codecs.pojo.InstanceCreatorImpl.getInstance(InstanceCreatorImpl.java:92)
	... 67 more
Caused by: org.bson.codecs.configuration.CodecConfigurationException
	at org.bson.codecs.pojo.CreatorExecutable.getInstance(CreatorExecutable.java:129)
	at org.bson.codecs.pojo.InstanceCreatorImpl.constructInstanceAndProcessCachedValues(InstanceCreatorImpl.java:104)
	... 68 more
Caused by: java.lang.IllegalArgumentException
	at java.base/jdk.internal.reflect.NativeConstructorAccessorImpl.newInstance0(Native Method)
	at java.base/jdk.internal.reflect.NativeConstructorAccessorImpl.newInstance(NativeConstructorAccessorImpl.java:77)
	at java.base/jdk.internal.reflect.DelegatingConstructorAccessorImpl.newInstance(DelegatingConstructorAccessorImpl.java:45)
	at java.base/java.lang.reflect.Constructor.newInstanceWithCaller(Constructor.java:499)
	at java.base/java.lang.reflect.Constructor.newInstance(Constructor.java:480)
	at org.bson.codecs.pojo.CreatorExecutable.getInstance(CreatorExecutable.java:124)
	... 69 more

