<?xml version="1.0" encoding="UTF-8" ?>
<testsuite tests="4" failures="2" name="ParentMgdTest" time="1.082" errors="0" skipped="0">
  <properties>
[...]
</properties>
  <testcase classname="ParentMgdTest" name="parentUpdateTest" time="0.893">
    <failure message="expected: &lt;123456789&gt; but was: &lt;211566677&gt;" type="org.opentest4j.AssertionFailedError">org.opentest4j.AssertionFailedError: expected: &lt;123456789&gt; but was: &lt;211566677&gt;
	at org.junit.jupiter.api.AssertionFailureBuilder.build(AssertionFailureBuilder.java:151)
	at org.junit.jupiter.api.AssertionFailureBuilder.buildAndThrow(AssertionFailureBuilder.java:132)
	at org.junit.jupiter.api.AssertEquals.failNotEqual(AssertEquals.java:197)
	at org.junit.jupiter.api.AssertEquals.assertEquals(AssertEquals.java:182)
	at org.junit.jupiter.api.AssertEquals.assertEquals(AssertEquals.java:177)
	at org.junit.jupiter.api.Assertions.assertEquals(Assertions.java:1142)
	at ParentMgdTest.parentUpdateTest(ParentMgdTest.java:56)
	at java.base/jdk.internal.reflect.NativeMethodAccessorImpl.invoke0(Native Method)
	at java.base/jdk.internal.reflect.NativeMethodAccessorImpl.invoke(NativeMethodAccessorImpl.java:77)
	at java.base/jdk.internal.reflect.DelegatingMethodAccessorImpl.invoke(DelegatingMethodAccessorImpl.java:43)
	at java.base/java.lang.reflect.Method.invoke(Method.java:568)
	at org.junit.runners.model.FrameworkMethod$1.runReflectiveCall(FrameworkMethod.java:59)
	at org.junit.internal.runners.model.ReflectiveCallable.run(ReflectiveCallable.java:12)
	at org.junit.runners.model.FrameworkMethod.invokeExplosively(FrameworkMethod.java:56)
	at org.junit.internal.runners.statements.InvokeMethod.evaluate(InvokeMethod.java:17)
	at org.junit.runners.ParentRunner$3.evaluate(ParentRunner.java:306)
	at org.junit.runners.BlockJUnit4ClassRunner$1.evaluate(BlockJUnit4ClassRunner.java:100)
	at org.junit.runners.ParentRunner.runLeaf(ParentRunner.java:366)
	at org.junit.runners.BlockJUnit4ClassRunner.runChild(BlockJUnit4ClassRunner.java:103)
	at org.junit.runners.BlockJUnit4ClassRunner.runChild(BlockJUnit4ClassRunner.java:63)
	at org.junit.runners.ParentRunner$4.run(ParentRunner.java:331)
	at org.junit.runners.ParentRunner$1.schedule(ParentRunner.java:79)
	at org.junit.runners.ParentRunner.runChildren(ParentRunner.java:329)
	at org.junit.runners.ParentRunner.access$100(ParentRunner.java:66)
	at org.junit.runners.ParentRunner$2.evaluate(ParentRunner.java:293)
	at org.junit.runners.ParentRunner$3.evaluate(ParentRunner.java:306)
	at org.junit.runners.ParentRunner.run(ParentRunner.java:413)
	at org.apache.maven.surefire.junit4.JUnit4Provider.execute(JUnit4Provider.java:252)
	at org.apache.maven.surefire.junit4.JUnit4Provider.executeTestSet(JUnit4Provider.java:141)
	at org.apache.maven.surefire.junit4.JUnit4Provider.invoke(JUnit4Provider.java:112)
	at java.base/jdk.internal.reflect.NativeMethodAccessorImpl.invoke0(Native Method)
	at java.base/jdk.internal.reflect.NativeMethodAccessorImpl.invoke(NativeMethodAccessorImpl.java:77)
	at java.base/jdk.internal.reflect.DelegatingMethodAccessorImpl.invoke(DelegatingMethodAccessorImpl.java:43)
	at java.base/java.lang.reflect.Method.invoke(Method.java:568)
	at org.apache.maven.surefire.util.ReflectionUtils.invokeMethodWithArray(ReflectionUtils.java:189)
	at org.apache.maven.surefire.booter.ProviderFactory$ProviderProxy.invoke(ProviderFactory.java:165)
	at org.apache.maven.surefire.booter.ProviderFactory.invokeProvider(ProviderFactory.java:85)
	at org.apache.maven.surefire.booter.ForkedBooter.runSuitesInProcess(ForkedBooter.java:115)
	at org.apache.maven.surefire.booter.ForkedBooter.main(ForkedBooter.java:75)
</failure>
    <system-out>13:32:06.501 [main] INFO org.mongodb.driver.cluster - Cluster created with settings {hosts=[localhost:27017], mode=SINGLE, requiredClusterType=UNKNOWN, serverSelectionTimeout=&apos;30000 ms&apos;}
13:32:06.541 [main] DEBUG org.mongodb.driver.cluster - Updating cluster description to  {type=UNKNOWN, servers=[{address=localhost:27017, type=UNKNOWN, state=CONNECTING}]
13:32:06.613 [cluster-rtt-ClusterId{value=&apos;637629c6e196a51f2279b246&apos;, description=&apos;null&apos;}-localhost:27017] INFO org.mongodb.driver.connection - Opened connection [connectionId{localValue:2, serverValue:222}] to localhost:27017
13:32:06.613 [cluster-ClusterId{value=&apos;637629c6e196a51f2279b246&apos;, description=&apos;null&apos;}-localhost:27017] INFO org.mongodb.driver.connection - Opened connection [connectionId{localValue:1, serverValue:221}] to localhost:27017
13:32:06.627 [main] INFO org.mongodb.driver.cluster - Cluster description not yet available. Waiting for 30000 ms before timing out
13:32:06.629 [cluster-ClusterId{value=&apos;637629c6e196a51f2279b246&apos;, description=&apos;null&apos;}-localhost:27017] INFO org.mongodb.driver.cluster - Monitor thread successfully connected to server with description ServerDescription{address=localhost:27017, type=REPLICA_SET_PRIMARY, state=CONNECTED, ok=true, minWireVersion=0, maxWireVersion=17, maxDocumentSize=16777216, logicalSessionTimeoutMinutes=30, roundTripTimeNanos=36427100, setName=&apos;replica_set_single&apos;, canonicalAddress=mongodb:27017, hosts=[mongodb:27017], passives=[], arbiters=[], primary=&apos;mongodb:27017&apos;, tagSet=TagSet{[]}, electionId=7fffffff0000000000000001, setVersion=1, topologyVersion=TopologyVersion{processId=6376277b9739af813784cd86, counter=6}, lastWriteDate=Thu Nov 17 13:32:00 CET 2022, lastUpdateTimeNanos=636086815069600}
13:32:06.632 [cluster-ClusterId{value=&apos;637629c6e196a51f2279b246&apos;, description=&apos;null&apos;}-localhost:27017] DEBUG org.mongodb.driver.cluster - Updating cluster description to  {type=REPLICA_SET, servers=[{address=localhost:27017, type=REPLICA_SET_PRIMARY, roundTripTime=36.4 ms, state=CONNECTED}]
13:32:06.633 [cluster-ClusterId{value=&apos;637629c6e196a51f2279b246&apos;, description=&apos;null&apos;}-localhost:27017] DEBUG org.mongodb.driver.cluster - Checking status of localhost:27017
13:32:06.888 [main] INFO org.mongodb.driver.connection - Opened connection [connectionId{localValue:3, serverValue:223}] to localhost:27017
13:32:06.954 [main] DEBUG org.mongodb.driver.protocol.command - Sending command &apos;{&quot;insert&quot;: &quot;parents&quot;, &quot;ordered&quot;: true, &quot;txnNumber&quot;: 1, &quot;$db&quot;: &quot;SITTER&quot;, &quot;lsid&quot;: {&quot;id&quot;: {&quot;$binary&quot;: {&quot;base64&quot;: &quot;37BmBu/fQUiXCB3WKd9w/g==&quot;, &quot;subType&quot;: &quot;04&quot;}}}, &quot;documents&quot;: [{&quot;_id&quot;: {&quot;$binary&quot;: {&quot;base64&quot;: &quot;ZC+Viw57SPiJ7ARGvRVl5g==&quot;, &quot;subType&quot;: &quot;04&quot;}}, &quot;address&quot;: &quot;Lodz Politechniki1&quot;, &quot;childAge&quot;: 5, &quot;name&quot;: &quot;Wojciech Stefanowski&quot;, &quot;phoneNumber&quot;: &quot;211566677&quot;}]}&apos; with request id 6 to database SITTER on connection [connectionId{localValue:3, serverValue:223}] to server localhost:27017
13:32:06.990 [main] DEBUG org.mongodb.driver.protocol.command - Execution of command with request id 6 completed successfully in 68.58 ms on connection [connectionId{localValue:3, serverValue:223}] to server localhost:27017
13:32:07.015 [main] DEBUG org.mongodb.driver.protocol.command - Sending command &apos;{&quot;update&quot;: &quot;parents&quot;, &quot;ordered&quot;: true, &quot;txnNumber&quot;: 2, &quot;$db&quot;: &quot;SITTER&quot;, &quot;$clusterTime&quot;: {&quot;clusterTime&quot;: {&quot;$timestamp&quot;: {&quot;t&quot;: 1668688326, &quot;i&quot;: 2}}, &quot;signature&quot;: {&quot;hash&quot;: {&quot;$binary&quot;: {&quot;base64&quot;: &quot;QuhkxmNlUtbbPSflTT/uGs2FpKQ=&quot;, &quot;subType&quot;: &quot;00&quot;}}, &quot;keyId&quot;: 7166960687875358726}}, &quot;lsid&quot;: {&quot;id&quot;: {&quot;$binary&quot;: {&quot;base64&quot;: &quot;37BmBu/fQUiXCB3WKd9w/g==&quot;, &quot;subType&quot;: &quot;04&quot;}}}, &quot;updates&quot;: [{&quot;q&quot;: {&quot;_id&quot;: {&quot;$binary&quot;: {&quot;base64&quot;: &quot;ZC+Viw57SPiJ7ARGvRVl5g==&quot;, &quot;subType&quot;: &quot;04&quot;}}}, &quot;u&quot;: {&quot;$set&quot;: {&quot;name&quot;: &quot;Joe Zaza&quot;, &quot;address&quot;: &quot;Pabianice Dluga13&quot;, &quot;phone_number&quot;: &quot;123456789&quot;, &quot;child_age&quot;: 10}}}]}&apos; with request id 7 to database SITTER on connection [connectionId{localValue:3, serverValue:223}] to server localhost:27017
13:32:07.021 [main] DEBUG org.mongodb.driver.protocol.command - Execution of command with request id 7 completed successfully in 8.87 ms on connection [connectionId{localValue:3, serverValue:223}] to server localhost:27017
13:32:07.049 [main] DEBUG org.mongodb.driver.protocol.command - Sending command &apos;{&quot;find&quot;: &quot;parents&quot;, &quot;filter&quot;: {&quot;_id&quot;: {&quot;$binary&quot;: {&quot;base64&quot;: &quot;ZC+Viw57SPiJ7ARGvRVl5g==&quot;, &quot;subType&quot;: &quot;04&quot;}}}, &quot;limit&quot;: 1, &quot;singleBatch&quot;: true, &quot;$db&quot;: &quot;SITTER&quot;, &quot;$clusterTime&quot;: {&quot;clusterTime&quot;: {&quot;$timestamp&quot;: {&quot;t&quot;: 1668688327, &quot;i&quot;: 1}}, &quot;signature&quot;: {&quot;hash&quot;: {&quot;$binary&quot;: {&quot;base64&quot;: &quot;j19V7BK0mU5cEfRXtguzoxjWv9k=&quot;, &quot;subType&quot;: &quot;00&quot;}}, &quot;keyId&quot;: 7166960687875358726}}, &quot;lsid&quot;: {&quot;id&quot;: {&quot;$binary&quot;: {&quot;base64&quot;: &quot;37BmBu/fQUiXCB3WKd9w/g==&quot;, &quot;subType&quot;: &quot;04&quot;}}}, &quot;$readPreference&quot;: {&quot;mode&quot;: &quot;primaryPreferred&quot;}}&apos; with request id 8 to database SITTER on connection [connectionId{localValue:3, serverValue:223}] to server localhost:27017
13:32:07.057 [main] DEBUG org.mongodb.driver.protocol.command - Execution of command with request id 8 completed successfully in 10.56 ms on connection [connectionId{localValue:3, serverValue:223}] to server localhost:27017
</system-out>
  </testcase>
  <testcase classname="ParentMgdTest" name="parentAddTest" time="0.043"/>
  <testcase classname="ParentMgdTest" name="parentRemoveTest" time="0.109"/>
  <testcase classname="ParentMgdTest" name="parentGetTest" time="0.037">
    <failure message="expected: &lt;model.ParentMgd@6e2829c7&gt; but was: &lt;model.ParentMgd@3feb2dda&gt;" type="org.opentest4j.AssertionFailedError">org.opentest4j.AssertionFailedError: expected: &lt;model.ParentMgd@6e2829c7&gt; but was: &lt;model.ParentMgd@3feb2dda&gt;
	at org.junit.jupiter.api.AssertionFailureBuilder.build(AssertionFailureBuilder.java:151)
	at org.junit.jupiter.api.AssertionFailureBuilder.buildAndThrow(AssertionFailureBuilder.java:132)
	at org.junit.jupiter.api.AssertEquals.failNotEqual(AssertEquals.java:197)
	at org.junit.jupiter.api.AssertEquals.assertEquals(AssertEquals.java:182)
	at org.junit.jupiter.api.AssertEquals.assertEquals(AssertEquals.java:177)
	at org.junit.jupiter.api.Assertions.assertEquals(Assertions.java:1142)
	at ParentMgdTest.parentGetTest(ParentMgdTest.java:27)
	at java.base/jdk.internal.reflect.NativeMethodAccessorImpl.invoke0(Native Method)
	at java.base/jdk.internal.reflect.NativeMethodAccessorImpl.invoke(NativeMethodAccessorImpl.java:77)
	at java.base/jdk.internal.reflect.DelegatingMethodAccessorImpl.invoke(DelegatingMethodAccessorImpl.java:43)
	at java.base/java.lang.reflect.Method.invoke(Method.java:568)
	at org.junit.runners.model.FrameworkMethod$1.runReflectiveCall(FrameworkMethod.java:59)
	at org.junit.internal.runners.model.ReflectiveCallable.run(ReflectiveCallable.java:12)
	at org.junit.runners.model.FrameworkMethod.invokeExplosively(FrameworkMethod.java:56)
	at org.junit.internal.runners.statements.InvokeMethod.evaluate(InvokeMethod.java:17)
	at org.junit.runners.ParentRunner$3.evaluate(ParentRunner.java:306)
	at org.junit.runners.BlockJUnit4ClassRunner$1.evaluate(BlockJUnit4ClassRunner.java:100)
	at org.junit.runners.ParentRunner.runLeaf(ParentRunner.java:366)
	at org.junit.runners.BlockJUnit4ClassRunner.runChild(BlockJUnit4ClassRunner.java:103)
	at org.junit.runners.BlockJUnit4ClassRunner.runChild(BlockJUnit4ClassRunner.java:63)
	at org.junit.runners.ParentRunner$4.run(ParentRunner.java:331)
	at org.junit.runners.ParentRunner$1.schedule(ParentRunner.java:79)
	at org.junit.runners.ParentRunner.runChildren(ParentRunner.java:329)
	at org.junit.runners.ParentRunner.access$100(ParentRunner.java:66)
	at org.junit.runners.ParentRunner$2.evaluate(ParentRunner.java:293)
	at org.junit.runners.ParentRunner$3.evaluate(ParentRunner.java:306)
	at org.junit.runners.ParentRunner.run(ParentRunner.java:413)
	at org.apache.maven.surefire.junit4.JUnit4Provider.execute(JUnit4Provider.java:252)
	at org.apache.maven.surefire.junit4.JUnit4Provider.executeTestSet(JUnit4Provider.java:141)
	at org.apache.maven.surefire.junit4.JUnit4Provider.invoke(JUnit4Provider.java:112)
	at java.base/jdk.internal.reflect.NativeMethodAccessorImpl.invoke0(Native Method)
	at java.base/jdk.internal.reflect.NativeMethodAccessorImpl.invoke(NativeMethodAccessorImpl.java:77)
	at java.base/jdk.internal.reflect.DelegatingMethodAccessorImpl.invoke(DelegatingMethodAccessorImpl.java:43)
	at java.base/java.lang.reflect.Method.invoke(Method.java:568)
	at org.apache.maven.surefire.util.ReflectionUtils.invokeMethodWithArray(ReflectionUtils.java:189)
	at org.apache.maven.surefire.booter.ProviderFactory$ProviderProxy.invoke(ProviderFactory.java:165)
	at org.apache.maven.surefire.booter.ProviderFactory.invokeProvider(ProviderFactory.java:85)
	at org.apache.maven.surefire.booter.ForkedBooter.runSuitesInProcess(ForkedBooter.java:115)
	at org.apache.maven.surefire.booter.ForkedBooter.main(ForkedBooter.java:75)
</failure>
    <system-out>13:32:07.238 [main] DEBUG org.mongodb.driver.protocol.command - Sending command &apos;{&quot;insert&quot;: &quot;parents&quot;, &quot;ordered&quot;: true, &quot;txnNumber&quot;: 9, &quot;$db&quot;: &quot;SITTER&quot;, &quot;$clusterTime&quot;: {&quot;clusterTime&quot;: {&quot;$timestamp&quot;: {&quot;t&quot;: 1668688327, &quot;i&quot;: 9}}, &quot;signature&quot;: {&quot;hash&quot;: {&quot;$binary&quot;: {&quot;base64&quot;: &quot;j19V7BK0mU5cEfRXtguzoxjWv9k=&quot;, &quot;subType&quot;: &quot;00&quot;}}, &quot;keyId&quot;: 7166960687875358726}}, &quot;lsid&quot;: {&quot;id&quot;: {&quot;$binary&quot;: {&quot;base64&quot;: &quot;37BmBu/fQUiXCB3WKd9w/g==&quot;, &quot;subType&quot;: &quot;04&quot;}}}, &quot;documents&quot;: [{&quot;_id&quot;: {&quot;$binary&quot;: {&quot;base64&quot;: &quot;NO6m21W4Q6OErjRS8RvTCg==&quot;, &quot;subType&quot;: &quot;04&quot;}}, &quot;address&quot;: &quot;Lipinki Laczna43&quot;, &quot;childAge&quot;: 8, &quot;name&quot;: &quot;Mateusz Przybylski&quot;, &quot;phoneNumber&quot;: &quot;694202137&quot;}]}&apos; with request id 21 to database SITTER on connection [connectionId{localValue:3, serverValue:223}] to server localhost:27017
13:32:07.254 [main] DEBUG org.mongodb.driver.protocol.command - Execution of command with request id 21 completed successfully in 19.72 ms on connection [connectionId{localValue:3, serverValue:223}] to server localhost:27017
13:32:07.260 [main] DEBUG org.mongodb.driver.protocol.command - Sending command &apos;{&quot;find&quot;: &quot;parents&quot;, &quot;filter&quot;: {&quot;_id&quot;: {&quot;$binary&quot;: {&quot;base64&quot;: &quot;NO6m21W4Q6OErjRS8RvTCg==&quot;, &quot;subType&quot;: &quot;04&quot;}}}, &quot;limit&quot;: 1, &quot;singleBatch&quot;: true, &quot;$db&quot;: &quot;SITTER&quot;, &quot;$clusterTime&quot;: {&quot;clusterTime&quot;: {&quot;$timestamp&quot;: {&quot;t&quot;: 1668688327, &quot;i&quot;: 10}}, &quot;signature&quot;: {&quot;hash&quot;: {&quot;$binary&quot;: {&quot;base64&quot;: &quot;j19V7BK0mU5cEfRXtguzoxjWv9k=&quot;, &quot;subType&quot;: &quot;00&quot;}}, &quot;keyId&quot;: 7166960687875358726}}, &quot;lsid&quot;: {&quot;id&quot;: {&quot;$binary&quot;: {&quot;base64&quot;: &quot;37BmBu/fQUiXCB3WKd9w/g==&quot;, &quot;subType&quot;: &quot;04&quot;}}}, &quot;$readPreference&quot;: {&quot;mode&quot;: &quot;primaryPreferred&quot;}}&apos; with request id 22 to database SITTER on connection [connectionId{localValue:3, serverValue:223}] to server localhost:27017
13:32:07.267 [main] DEBUG org.mongodb.driver.protocol.command - Execution of command with request id 22 completed successfully in 9.17 ms on connection [connectionId{localValue:3, serverValue:223}] to server localhost:27017
</system-out>
  </testcase>
</testsuite>