<?xml version="1.0" encoding="UTF-8" ?>
<testsuite tests="4" failures="0" name="SitterMgdTest" time="0.381" errors="3" skipped="0">
  <properties>
[...]
</properties>
  <testcase classname="SitterMgdTest" name="sitterGetTest" time="0.205">
    <error message="An exception occurred when decoding using the AutomaticPojoCodec.
Decoding into a &apos;SitterMgd&apos; failed with the following exception:

Could not construct new instance of: SitterMgd. Missing the following properties: [sitter_type, base_price, last_name, min_age, first_name, is_available]

A custom Codec or PojoCodec may need to be explicitly configured and registered to handle this type." type="org.bson.codecs.configuration.CodecConfigurationException">org.bson.codecs.configuration.CodecConfigurationException: An exception occurred when decoding using the AutomaticPojoCodec.
Decoding into a &apos;SitterMgd&apos; failed with the following exception:

Could not construct new instance of: SitterMgd. Missing the following properties: [sitter_type, base_price, last_name, min_age, first_name, is_available]

A custom Codec or PojoCodec may need to be explicitly configured and registered to handle this type.
	at org.bson.codecs.pojo.AutomaticPojoCodec.decode(AutomaticPojoCodec.java:40)
	at com.mongodb.internal.operation.CommandResultArrayCodec.decode(CommandResultArrayCodec.java:52)
	at com.mongodb.internal.operation.CommandResultDocumentCodec.readValue(CommandResultDocumentCodec.java:60)
	at org.bson.codecs.BsonDocumentCodec.decode(BsonDocumentCodec.java:87)
	at org.bson.codecs.BsonDocumentCodec.decode(BsonDocumentCodec.java:42)
	at org.bson.internal.LazyCodec.decode(LazyCodec.java:48)
	at org.bson.codecs.BsonDocumentCodec.readValue(BsonDocumentCodec.java:104)
	at com.mongodb.internal.operation.CommandResultDocumentCodec.readValue(CommandResultDocumentCodec.java:63)
	at org.bson.codecs.BsonDocumentCodec.decode(BsonDocumentCodec.java:87)
	at org.bson.codecs.BsonDocumentCodec.decode(BsonDocumentCodec.java:42)
	at com.mongodb.internal.connection.ReplyMessage.&lt;init&gt;(ReplyMessage.java:51)
	at com.mongodb.internal.connection.InternalStreamConnection.getCommandResult(InternalStreamConnection.java:476)
	at com.mongodb.internal.connection.InternalStreamConnection.receiveCommandMessageResponse(InternalStreamConnection.java:366)
	at com.mongodb.internal.connection.InternalStreamConnection.sendAndReceive(InternalStreamConnection.java:279)
	at com.mongodb.internal.connection.UsageTrackingInternalConnection.sendAndReceive(UsageTrackingInternalConnection.java:100)
	at com.mongodb.internal.connection.DefaultConnectionPool$PooledConnection.sendAndReceive(DefaultConnectionPool.java:490)
	at com.mongodb.internal.connection.CommandProtocolImpl.execute(CommandProtocolImpl.java:71)
	at com.mongodb.internal.connection.DefaultServer$DefaultServerProtocolExecutor.execute(DefaultServer.java:253)
	at com.mongodb.internal.connection.DefaultServerConnection.executeProtocol(DefaultServerConnection.java:202)
	at com.mongodb.internal.connection.DefaultServerConnection.command(DefaultServerConnection.java:118)
	at com.mongodb.internal.connection.DefaultServerConnection.command(DefaultServerConnection.java:110)
	at com.mongodb.internal.operation.CommandOperationHelper.executeCommand(CommandOperationHelper.java:345)
	at com.mongodb.internal.operation.CommandOperationHelper.executeCommand(CommandOperationHelper.java:336)
	at com.mongodb.internal.operation.CommandOperationHelper.executeCommandWithConnection(CommandOperationHelper.java:222)
	at com.mongodb.internal.operation.FindOperation$1.call(FindOperation.java:658)
	at com.mongodb.internal.operation.FindOperation$1.call(FindOperation.java:652)
	at com.mongodb.internal.operation.OperationHelper.withReadConnectionSource(OperationHelper.java:583)
	at com.mongodb.internal.operation.FindOperation.execute(FindOperation.java:652)
	at com.mongodb.internal.operation.FindOperation.execute(FindOperation.java:80)
	at com.mongodb.client.internal.MongoClientDelegate$DelegateOperationExecutor.execute(MongoClientDelegate.java:170)
	at com.mongodb.client.internal.FindIterableImpl.first(FindIterableImpl.java:200)
	at repositories.SitterRepositoryMgd.get(SitterRepositoryMgd.java:23)
	at SitterMgdTest.sitterGetTest(SitterMgdTest.java:25)
	at java.base/jdk.internal.reflect.NativeMethodAccessorImpl.invoke0(Native Method)
	at java.base/jdk.internal.reflect.NativeMethodAccessorImpl.invoke(NativeMethodAccessorImpl.java:77)
	at java.base/jdk.internal.reflect.DelegatingMethodAccessorImpl.invoke(DelegatingMethodAccessorImpl.java:43)
	at java.base/java.lang.reflect.Method.invoke(Method.java:568)
	at org.junit.runners.model.FrameworkMethod$1.runReflectiveCall(FrameworkMethod.java:59)
	at org.junit.internal.runners.model.ReflectiveCallable.run(ReflectiveCallable.java:12)
	at org.junit.runners.model.FrameworkMethod.invokeExplosively(FrameworkMethod.java:56)
	at org.junit.internal.runners.statements.InvokeMethod.evaluate(InvokeMethod.java:17)
	at org.junit.runners.ParentRunner$3.evaluate(ParentRunner.java:306)
	at org.junit.runners.BlockJUnit4ClassRunner$1.evaluate(BlockJUnit4ClassRunner.java:100)
	at org.junit.runners.ParentRunner.runLeaf(ParentRunner.java:366)
	at org.junit.runners.BlockJUnit4ClassRunner.runChild(BlockJUnit4ClassRunner.java:103)
	at org.junit.runners.BlockJUnit4ClassRunner.runChild(BlockJUnit4ClassRunner.java:63)
	at org.junit.runners.ParentRunner$4.run(ParentRunner.java:331)
	at org.junit.runners.ParentRunner$1.schedule(ParentRunner.java:79)
	at org.junit.runners.ParentRunner.runChildren(ParentRunner.java:329)
	at org.junit.runners.ParentRunner.access$100(ParentRunner.java:66)
	at org.junit.runners.ParentRunner$2.evaluate(ParentRunner.java:293)
	at org.junit.runners.ParentRunner$3.evaluate(ParentRunner.java:306)
	at org.junit.runners.ParentRunner.run(ParentRunner.java:413)
	at org.apache.maven.surefire.junit4.JUnit4Provider.execute(JUnit4Provider.java:252)
	at org.apache.maven.surefire.junit4.JUnit4Provider.executeTestSet(JUnit4Provider.java:141)
	at org.apache.maven.surefire.junit4.JUnit4Provider.invoke(JUnit4Provider.java:112)
	at java.base/jdk.internal.reflect.NativeMethodAccessorImpl.invoke0(Native Method)
	at java.base/jdk.internal.reflect.NativeMethodAccessorImpl.invoke(NativeMethodAccessorImpl.java:77)
	at java.base/jdk.internal.reflect.DelegatingMethodAccessorImpl.invoke(DelegatingMethodAccessorImpl.java:43)
	at java.base/java.lang.reflect.Method.invoke(Method.java:568)
	at org.apache.maven.surefire.util.ReflectionUtils.invokeMethodWithArray(ReflectionUtils.java:189)
	at org.apache.maven.surefire.booter.ProviderFactory$ProviderProxy.invoke(ProviderFactory.java:165)
	at org.apache.maven.surefire.booter.ProviderFactory.invokeProvider(ProviderFactory.java:85)
	at org.apache.maven.surefire.booter.ForkedBooter.runSuitesInProcess(ForkedBooter.java:115)
	at org.apache.maven.surefire.booter.ForkedBooter.main(ForkedBooter.java:75)
Caused by: org.bson.codecs.configuration.CodecConfigurationException: Could not construct new instance of: SitterMgd. Missing the following properties: [sitter_type, base_price, last_name, min_age, first_name, is_available]
	at org.bson.codecs.pojo.InstanceCreatorImpl.getInstance(InstanceCreatorImpl.java:94)
	at org.bson.codecs.pojo.PojoCodecImpl.decode(PojoCodecImpl.java:104)
	at org.bson.codecs.pojo.PojoCodecImpl.decode(PojoCodecImpl.java:107)
	at org.bson.codecs.pojo.AutomaticPojoCodec.decode(AutomaticPojoCodec.java:37)
	... 64 more
Caused by: org.bson.codecs.configuration.CodecConfigurationException
	at org.bson.codecs.pojo.InstanceCreatorImpl.constructInstanceAndProcessCachedValues(InstanceCreatorImpl.java:106)
	at org.bson.codecs.pojo.InstanceCreatorImpl.getInstance(InstanceCreatorImpl.java:92)
	... 67 more
Caused by: org.bson.codecs.configuration.CodecConfigurationException
	at org.bson.codecs.pojo.CreatorExecutable.getInstance(CreatorExecutable.java:129)
	at org.bson.codecs.pojo.InstanceCreatorImpl.constructInstanceAndProcessCachedValues(InstanceCreatorImpl.java:104)
	... 68 more
Caused by: java.lang.IllegalArgumentException
	at java.base/jdk.internal.reflect.NativeConstructorAccessorImpl.newInstance0(Native Method)
	at java.base/jdk.internal.reflect.NativeConstructorAccessorImpl.newInstance(NativeConstructorAccessorImpl.java:77)
	at java.base/jdk.internal.reflect.DelegatingConstructorAccessorImpl.newInstance(DelegatingConstructorAccessorImpl.java:45)
	at java.base/java.lang.reflect.Constructor.newInstanceWithCaller(Constructor.java:499)
	at java.base/java.lang.reflect.Constructor.newInstance(Constructor.java:480)
	at org.bson.codecs.pojo.CreatorExecutable.getInstance(CreatorExecutable.java:124)
	... 69 more
</error>
    <system-out>13:32:07.841 [main] INFO org.mongodb.driver.cluster - Cluster created with settings {hosts=[localhost:27017], mode=SINGLE, requiredClusterType=UNKNOWN, serverSelectionTimeout=&apos;30000 ms&apos;}
13:32:07.842 [main] DEBUG org.mongodb.driver.cluster - Updating cluster description to  {type=UNKNOWN, servers=[{address=localhost:27017, type=UNKNOWN, state=CONNECTING}]
13:32:07.844 [main] INFO org.mongodb.driver.cluster - Cluster description not yet available. Waiting for 30000 ms before timing out
13:32:07.850 [cluster-ClusterId{value=&apos;637629c7e196a51f2279b24a&apos;, description=&apos;null&apos;}-localhost:27017] INFO org.mongodb.driver.connection - Opened connection [connectionId{localValue:14, serverValue:238}] to localhost:27017
13:32:07.850 [cluster-rtt-ClusterId{value=&apos;637629c7e196a51f2279b24a&apos;, description=&apos;null&apos;}-localhost:27017] INFO org.mongodb.driver.connection - Opened connection [connectionId{localValue:13, serverValue:237}] to localhost:27017
13:32:07.850 [cluster-ClusterId{value=&apos;637629c7e196a51f2279b24a&apos;, description=&apos;null&apos;}-localhost:27017] INFO org.mongodb.driver.cluster - Monitor thread successfully connected to server with description ServerDescription{address=localhost:27017, type=REPLICA_SET_PRIMARY, state=CONNECTED, ok=true, minWireVersion=0, maxWireVersion=17, maxDocumentSize=16777216, logicalSessionTimeoutMinutes=30, roundTripTimeNanos=6220700, setName=&apos;replica_set_single&apos;, canonicalAddress=mongodb:27017, hosts=[mongodb:27017], passives=[], arbiters=[], primary=&apos;mongodb:27017&apos;, tagSet=TagSet{[]}, electionId=7fffffff0000000000000001, setVersion=1, topologyVersion=TopologyVersion{processId=6376277b9739af813784cd86, counter=6}, lastWriteDate=Thu Nov 17 13:32:07 CET 2022, lastUpdateTimeNanos=636088054454100}
13:32:07.851 [cluster-ClusterId{value=&apos;637629c7e196a51f2279b24a&apos;, description=&apos;null&apos;}-localhost:27017] DEBUG org.mongodb.driver.cluster - Updating cluster description to  {type=REPLICA_SET, servers=[{address=localhost:27017, type=REPLICA_SET_PRIMARY, roundTripTime=6.2 ms, state=CONNECTED}]
13:32:07.851 [cluster-ClusterId{value=&apos;637629c7e196a51f2279b24a&apos;, description=&apos;null&apos;}-localhost:27017] DEBUG org.mongodb.driver.cluster - Checking status of localhost:27017
13:32:07.966 [main] INFO org.mongodb.driver.connection - Opened connection [connectionId{localValue:15, serverValue:239}] to localhost:27017
13:32:07.972 [main] DEBUG org.mongodb.driver.protocol.command - Sending command &apos;{&quot;insert&quot;: &quot;sitters&quot;, &quot;ordered&quot;: true, &quot;txnNumber&quot;: 1, &quot;$db&quot;: &quot;SITTER&quot;, &quot;lsid&quot;: {&quot;id&quot;: {&quot;$binary&quot;: {&quot;base64&quot;: &quot;W/HreJm1RDqFOmHHRC0/UA==&quot;, &quot;subType&quot;: &quot;04&quot;}}}, &quot;documents&quot;: [{&quot;_id&quot;: {&quot;$binary&quot;: {&quot;base64&quot;: &quot;1u9CxNHRQTuxi6QZF7AyGg==&quot;, &quot;subType&quot;: &quot;04&quot;}}, &quot;available&quot;: true, &quot;basePrice&quot;: 100.0, &quot;firstName&quot;: &quot;Wojciech&quot;, &quot;lastName&quot;: &quot;Kowalski&quot;, &quot;minAge&quot;: 10, &quot;sitterType&quot;: &quot;ACADEMIC&quot;, &quot;skill&quot;: &quot;Maths&quot;}]}&apos; with request id 57 to database SITTER on connection [connectionId{localValue:15, serverValue:239}] to server localhost:27017
13:32:08.036 [main] DEBUG org.mongodb.driver.protocol.command - Execution of command with request id 57 completed successfully in 65.84 ms on connection [connectionId{localValue:15, serverValue:239}] to server localhost:27017
13:32:08.039 [main] DEBUG org.mongodb.driver.protocol.command - Sending command &apos;{&quot;find&quot;: &quot;sitters&quot;, &quot;filter&quot;: {&quot;_id&quot;: {&quot;$binary&quot;: {&quot;base64&quot;: &quot;1u9CxNHRQTuxi6QZF7AyGg==&quot;, &quot;subType&quot;: &quot;04&quot;}}}, &quot;limit&quot;: 1, &quot;singleBatch&quot;: true, &quot;$db&quot;: &quot;SITTER&quot;, &quot;$clusterTime&quot;: {&quot;clusterTime&quot;: {&quot;$timestamp&quot;: {&quot;t&quot;: 1668688327, &quot;i&quot;: 22}}, &quot;signature&quot;: {&quot;hash&quot;: {&quot;$binary&quot;: {&quot;base64&quot;: &quot;j19V7BK0mU5cEfRXtguzoxjWv9k=&quot;, &quot;subType&quot;: &quot;00&quot;}}, &quot;keyId&quot;: 7166960687875358726}}, &quot;lsid&quot;: {&quot;id&quot;: {&quot;$binary&quot;: {&quot;base64&quot;: &quot;W/HreJm1RDqFOmHHRC0/UA==&quot;, &quot;subType&quot;: &quot;04&quot;}}}, &quot;$readPreference&quot;: {&quot;mode&quot;: &quot;primaryPreferred&quot;}}&apos; with request id 58 to database SITTER on connection [connectionId{localValue:15, serverValue:239}] to server localhost:27017
13:32:08.043 [main] DEBUG org.mongodb.driver.protocol.command - Execution of command with request id 58 completed successfully in 4.54 ms on connection [connectionId{localValue:15, serverValue:239}] to server localhost:27017
13:32:08.045 [main] DEBUG org.mongodb.driver.protocol.command - Execution of command with request id 58 failed to complete successfully in 5.72 ms on connection [connectionId{localValue:15, serverValue:239}] to server localhost:27017
org.bson.codecs.configuration.CodecConfigurationException: An exception occurred when decoding using the AutomaticPojoCodec.
Decoding into a &apos;SitterMgd&apos; failed with the following exception:

Could not construct new instance of: SitterMgd. Missing the following properties: [sitter_type, base_price, last_name, min_age, first_name, is_available]

A custom Codec or PojoCodec may need to be explicitly configured and registered to handle this type.
	at org.bson.codecs.pojo.AutomaticPojoCodec.decode(AutomaticPojoCodec.java:40)
	at com.mongodb.internal.operation.CommandResultArrayCodec.decode(CommandResultArrayCodec.java:52)
	at com.mongodb.internal.operation.CommandResultDocumentCodec.readValue(CommandResultDocumentCodec.java:60)
	at org.bson.codecs.BsonDocumentCodec.decode(BsonDocumentCodec.java:87)
	at org.bson.codecs.BsonDocumentCodec.decode(BsonDocumentCodec.java:42)
	at org.bson.internal.LazyCodec.decode(LazyCodec.java:48)
	at org.bson.codecs.BsonDocumentCodec.readValue(BsonDocumentCodec.java:104)
	at com.mongodb.internal.operation.CommandResultDocumentCodec.readValue(CommandResultDocumentCodec.java:63)
	at org.bson.codecs.BsonDocumentCodec.decode(BsonDocumentCodec.java:87)
	at org.bson.codecs.BsonDocumentCodec.decode(BsonDocumentCodec.java:42)
	at com.mongodb.internal.connection.ReplyMessage.&lt;init&gt;(ReplyMessage.java:51)
	at com.mongodb.internal.connection.InternalStreamConnection.getCommandResult(InternalStreamConnection.java:476)
	at com.mongodb.internal.connection.InternalStreamConnection.receiveCommandMessageResponse(InternalStreamConnection.java:366)
	at com.mongodb.internal.connection.InternalStreamConnection.sendAndReceive(InternalStreamConnection.java:279)
	at com.mongodb.internal.connection.UsageTrackingInternalConnection.sendAndReceive(UsageTrackingInternalConnection.java:100)
	at com.mongodb.internal.connection.DefaultConnectionPool$PooledConnection.sendAndReceive(DefaultConnectionPool.java:490)
	at com.mongodb.internal.connection.CommandProtocolImpl.execute(CommandProtocolImpl.java:71)
	at com.mongodb.internal.connection.DefaultServer$DefaultServerProtocolExecutor.execute(DefaultServer.java:253)
	at com.mongodb.internal.connection.DefaultServerConnection.executeProtocol(DefaultServerConnection.java:202)
	at com.mongodb.internal.connection.DefaultServerConnection.command(DefaultServerConnection.java:118)
	at com.mongodb.internal.connection.DefaultServerConnection.command(DefaultServerConnection.java:110)
	at com.mongodb.internal.operation.CommandOperationHelper.executeCommand(CommandOperationHelper.java:345)
	at com.mongodb.internal.operation.CommandOperationHelper.executeCommand(CommandOperationHelper.java:336)
	at com.mongodb.internal.operation.CommandOperationHelper.executeCommandWithConnection(CommandOperationHelper.java:222)
	at com.mongodb.internal.operation.FindOperation$1.call(FindOperation.java:658)
	at com.mongodb.internal.operation.FindOperation$1.call(FindOperation.java:652)
	at com.mongodb.internal.operation.OperationHelper.withReadConnectionSource(OperationHelper.java:583)
	at com.mongodb.internal.operation.FindOperation.execute(FindOperation.java:652)
	at com.mongodb.internal.operation.FindOperation.execute(FindOperation.java:80)
	at com.mongodb.client.internal.MongoClientDelegate$DelegateOperationExecutor.execute(MongoClientDelegate.java:170)
	at com.mongodb.client.internal.FindIterableImpl.first(FindIterableImpl.java:200)
	at repositories.SitterRepositoryMgd.get(SitterRepositoryMgd.java:23)
	at SitterMgdTest.sitterGetTest(SitterMgdTest.java:25)
	at java.base/jdk.internal.reflect.NativeMethodAccessorImpl.invoke0(Native Method)
	at java.base/jdk.internal.reflect.NativeMethodAccessorImpl.invoke(NativeMethodAccessorImpl.java:77)
	at java.base/jdk.internal.reflect.DelegatingMethodAccessorImpl.invoke(DelegatingMethodAccessorImpl.java:43)
	at java.base/java.lang.reflect.Method.invoke(Method.java:568)
	at org.junit.runners.model.FrameworkMethod$1.runReflectiveCall(FrameworkMethod.java:59)
	at org.junit.internal.runners.model.ReflectiveCallable.run(ReflectiveCallable.java:12)
	at org.junit.runners.model.FrameworkMethod.invokeExplosively(FrameworkMethod.java:56)
	at org.junit.internal.runners.statements.InvokeMethod.evaluate(InvokeMethod.java:17)
	at org.junit.runners.ParentRunner$3.evaluate(ParentRunner.java:306)
	at org.junit.runners.BlockJUnit4ClassRunner$1.evaluate(BlockJUnit4ClassRunner.java:100)
	at org.junit.runners.ParentRunner.runLeaf(ParentRunner.java:366)
	at org.junit.runners.BlockJUnit4ClassRunner.runChild(BlockJUnit4ClassRunner.java:103)
	at org.junit.runners.BlockJUnit4ClassRunner.runChild(BlockJUnit4ClassRunner.java:63)
	at org.junit.runners.ParentRunner$4.run(ParentRunner.java:331)
	at org.junit.runners.ParentRunner$1.schedule(ParentRunner.java:79)
	at org.junit.runners.ParentRunner.runChildren(ParentRunner.java:329)
	at org.junit.runners.ParentRunner.access$100(ParentRunner.java:66)
	at org.junit.runners.ParentRunner$2.evaluate(ParentRunner.java:293)
	at org.junit.runners.ParentRunner$3.evaluate(ParentRunner.java:306)
	at org.junit.runners.ParentRunner.run(ParentRunner.java:413)
	at org.apache.maven.surefire.junit4.JUnit4Provider.execute(JUnit4Provider.java:252)
	at org.apache.maven.surefire.junit4.JUnit4Provider.executeTestSet(JUnit4Provider.java:141)
	at org.apache.maven.surefire.junit4.JUnit4Provider.invoke(JUnit4Provider.java:112)
	at java.base/jdk.internal.reflect.NativeMethodAccessorImpl.invoke0(Native Method)
	at java.base/jdk.internal.reflect.NativeMethodAccessorImpl.invoke(NativeMethodAccessorImpl.java:77)
	at java.base/jdk.internal.reflect.DelegatingMethodAccessorImpl.invoke(DelegatingMethodAccessorImpl.java:43)
	at java.base/java.lang.reflect.Method.invoke(Method.java:568)
	at org.apache.maven.surefire.util.ReflectionUtils.invokeMethodWithArray(ReflectionUtils.java:189)
	at org.apache.maven.surefire.booter.ProviderFactory$ProviderProxy.invoke(ProviderFactory.java:165)
	at org.apache.maven.surefire.booter.ProviderFactory.invokeProvider(ProviderFactory.java:85)
	at org.apache.maven.surefire.booter.ForkedBooter.runSuitesInProcess(ForkedBooter.java:115)
	at org.apache.maven.surefire.booter.ForkedBooter.main(ForkedBooter.java:75)
Caused by: org.bson.codecs.configuration.CodecConfigurationException: Could not construct new instance of: SitterMgd. Missing the following properties: [sitter_type, base_price, last_name, min_age, first_name, is_available]
	at org.bson.codecs.pojo.InstanceCreatorImpl.getInstance(InstanceCreatorImpl.java:94)
	at org.bson.codecs.pojo.PojoCodecImpl.decode(PojoCodecImpl.java:104)
	at org.bson.codecs.pojo.PojoCodecImpl.decode(PojoCodecImpl.java:107)
	at org.bson.codecs.pojo.AutomaticPojoCodec.decode(AutomaticPojoCodec.java:37)
	... 64 common frames omitted
Caused by: org.bson.codecs.configuration.CodecConfigurationException: null
	at org.bson.codecs.pojo.InstanceCreatorImpl.constructInstanceAndProcessCachedValues(InstanceCreatorImpl.java:106)
	at org.bson.codecs.pojo.InstanceCreatorImpl.getInstance(InstanceCreatorImpl.java:92)
	... 67 common frames omitted
Caused by: org.bson.codecs.configuration.CodecConfigurationException: null
	at org.bson.codecs.pojo.CreatorExecutable.getInstance(CreatorExecutable.java:129)
	at org.bson.codecs.pojo.InstanceCreatorImpl.constructInstanceAndProcessCachedValues(InstanceCreatorImpl.java:104)
	... 68 common frames omitted
Caused by: java.lang.IllegalArgumentException: null
	at java.base/jdk.internal.reflect.NativeConstructorAccessorImpl.newInstance0(Native Method)
	at java.base/jdk.internal.reflect.NativeConstructorAccessorImpl.newInstance(NativeConstructorAccessorImpl.java:77)
	at java.base/jdk.internal.reflect.DelegatingConstructorAccessorImpl.newInstance(DelegatingConstructorAccessorImpl.java:45)
	at java.base/java.lang.reflect.Constructor.newInstanceWithCaller(Constructor.java:499)
	at java.base/java.lang.reflect.Constructor.newInstance(Constructor.java:480)
	at org.bson.codecs.pojo.CreatorExecutable.getInstance(CreatorExecutable.java:124)
	... 69 common frames omitted
</system-out>
  </testcase>
  <testcase classname="SitterMgdTest" name="sitterRemoveTest" time="0.079">
    <error message="An exception occurred when decoding using the AutomaticPojoCodec.
Decoding into a &apos;SitterMgd&apos; failed with the following exception:

Could not construct new instance of: SitterMgd. Missing the following properties: [sitter_type, base_price, last_name, min_age, first_name, is_available]

A custom Codec or PojoCodec may need to be explicitly configured and registered to handle this type." type="org.bson.codecs.configuration.CodecConfigurationException">org.bson.codecs.configuration.CodecConfigurationException: An exception occurred when decoding using the AutomaticPojoCodec.
Decoding into a &apos;SitterMgd&apos; failed with the following exception:

Could not construct new instance of: SitterMgd. Missing the following properties: [sitter_type, base_price, last_name, min_age, first_name, is_available]

A custom Codec or PojoCodec may need to be explicitly configured and registered to handle this type.
	at org.bson.codecs.pojo.AutomaticPojoCodec.decode(AutomaticPojoCodec.java:40)
	at com.mongodb.internal.operation.CommandResultDocumentCodec.readValue(CommandResultDocumentCodec.java:58)
	at org.bson.codecs.BsonDocumentCodec.decode(BsonDocumentCodec.java:87)
	at org.bson.codecs.BsonDocumentCodec.decode(BsonDocumentCodec.java:42)
	at com.mongodb.internal.connection.ReplyMessage.&lt;init&gt;(ReplyMessage.java:51)
	at com.mongodb.internal.connection.InternalStreamConnection.getCommandResult(InternalStreamConnection.java:476)
	at com.mongodb.internal.connection.InternalStreamConnection.receiveCommandMessageResponse(InternalStreamConnection.java:366)
	at com.mongodb.internal.connection.InternalStreamConnection.sendAndReceive(InternalStreamConnection.java:279)
	at com.mongodb.internal.connection.UsageTrackingInternalConnection.sendAndReceive(UsageTrackingInternalConnection.java:100)
	at com.mongodb.internal.connection.DefaultConnectionPool$PooledConnection.sendAndReceive(DefaultConnectionPool.java:490)
	at com.mongodb.internal.connection.CommandProtocolImpl.execute(CommandProtocolImpl.java:71)
	at com.mongodb.internal.connection.DefaultServer$DefaultServerProtocolExecutor.execute(DefaultServer.java:253)
	at com.mongodb.internal.connection.DefaultServerConnection.executeProtocol(DefaultServerConnection.java:202)
	at com.mongodb.internal.connection.DefaultServerConnection.command(DefaultServerConnection.java:118)
	at com.mongodb.internal.connection.DefaultServerConnection.command(DefaultServerConnection.java:110)
	at com.mongodb.internal.operation.CommandOperationHelper$13.call(CommandOperationHelper.java:712)
	at com.mongodb.internal.operation.OperationHelper.withReleasableConnection(OperationHelper.java:621)
	at com.mongodb.internal.operation.CommandOperationHelper.executeRetryableCommand(CommandOperationHelper.java:705)
	at com.mongodb.internal.operation.CommandOperationHelper.executeRetryableCommand(CommandOperationHelper.java:697)
	at com.mongodb.internal.operation.BaseFindAndModifyOperation.execute(BaseFindAndModifyOperation.java:69)
	at com.mongodb.client.internal.MongoClientDelegate$DelegateOperationExecutor.execute(MongoClientDelegate.java:187)
	at com.mongodb.client.internal.MongoCollectionImpl.executeFindOneAndDelete(MongoCollectionImpl.java:689)
	at com.mongodb.client.internal.MongoCollectionImpl.findOneAndDelete(MongoCollectionImpl.java:670)
	at com.mongodb.client.internal.MongoCollectionImpl.findOneAndDelete(MongoCollectionImpl.java:664)
	at repositories.SitterRepositoryMgd.remove(SitterRepositoryMgd.java:48)
	at managers.SitterManagerMgd.remove(SitterManagerMgd.java:23)
	at SitterMgdTest.sitterRemoveTest(SitterMgdTest.java:81)
	at java.base/jdk.internal.reflect.NativeMethodAccessorImpl.invoke0(Native Method)
	at java.base/jdk.internal.reflect.NativeMethodAccessorImpl.invoke(NativeMethodAccessorImpl.java:77)
	at java.base/jdk.internal.reflect.DelegatingMethodAccessorImpl.invoke(DelegatingMethodAccessorImpl.java:43)
	at java.base/java.lang.reflect.Method.invoke(Method.java:568)
	at org.junit.runners.model.FrameworkMethod$1.runReflectiveCall(FrameworkMethod.java:59)
	at org.junit.internal.runners.model.ReflectiveCallable.run(ReflectiveCallable.java:12)
	at org.junit.runners.model.FrameworkMethod.invokeExplosively(FrameworkMethod.java:56)
	at org.junit.internal.runners.statements.InvokeMethod.evaluate(InvokeMethod.java:17)
	at org.junit.runners.ParentRunner$3.evaluate(ParentRunner.java:306)
	at org.junit.runners.BlockJUnit4ClassRunner$1.evaluate(BlockJUnit4ClassRunner.java:100)
	at org.junit.runners.ParentRunner.runLeaf(ParentRunner.java:366)
	at org.junit.runners.BlockJUnit4ClassRunner.runChild(BlockJUnit4ClassRunner.java:103)
	at org.junit.runners.BlockJUnit4ClassRunner.runChild(BlockJUnit4ClassRunner.java:63)
	at org.junit.runners.ParentRunner$4.run(ParentRunner.java:331)
	at org.junit.runners.ParentRunner$1.schedule(ParentRunner.java:79)
	at org.junit.runners.ParentRunner.runChildren(ParentRunner.java:329)
	at org.junit.runners.ParentRunner.access$100(ParentRunner.java:66)
	at org.junit.runners.ParentRunner$2.evaluate(ParentRunner.java:293)
	at org.junit.runners.ParentRunner$3.evaluate(ParentRunner.java:306)
	at org.junit.runners.ParentRunner.run(ParentRunner.java:413)
	at org.apache.maven.surefire.junit4.JUnit4Provider.execute(JUnit4Provider.java:252)
	at org.apache.maven.surefire.junit4.JUnit4Provider.executeTestSet(JUnit4Provider.java:141)
	at org.apache.maven.surefire.junit4.JUnit4Provider.invoke(JUnit4Provider.java:112)
	at java.base/jdk.internal.reflect.NativeMethodAccessorImpl.invoke0(Native Method)
	at java.base/jdk.internal.reflect.NativeMethodAccessorImpl.invoke(NativeMethodAccessorImpl.java:77)
	at java.base/jdk.internal.reflect.DelegatingMethodAccessorImpl.invoke(DelegatingMethodAccessorImpl.java:43)
	at java.base/java.lang.reflect.Method.invoke(Method.java:568)
	at org.apache.maven.surefire.util.ReflectionUtils.invokeMethodWithArray(ReflectionUtils.java:189)
	at org.apache.maven.surefire.booter.ProviderFactory$ProviderProxy.invoke(ProviderFactory.java:165)
	at org.apache.maven.surefire.booter.ProviderFactory.invokeProvider(ProviderFactory.java:85)
	at org.apache.maven.surefire.booter.ForkedBooter.runSuitesInProcess(ForkedBooter.java:115)
	at org.apache.maven.surefire.booter.ForkedBooter.main(ForkedBooter.java:75)
Caused by: org.bson.codecs.configuration.CodecConfigurationException: Could not construct new instance of: SitterMgd. Missing the following properties: [sitter_type, base_price, last_name, min_age, first_name, is_available]
	at org.bson.codecs.pojo.InstanceCreatorImpl.getInstance(InstanceCreatorImpl.java:94)
	at org.bson.codecs.pojo.PojoCodecImpl.decode(PojoCodecImpl.java:104)
	at org.bson.codecs.pojo.PojoCodecImpl.decode(PojoCodecImpl.java:107)
	at org.bson.codecs.pojo.AutomaticPojoCodec.decode(AutomaticPojoCodec.java:37)
	... 58 more
Caused by: org.bson.codecs.configuration.CodecConfigurationException
	at org.bson.codecs.pojo.InstanceCreatorImpl.constructInstanceAndProcessCachedValues(InstanceCreatorImpl.java:106)
	at org.bson.codecs.pojo.InstanceCreatorImpl.getInstance(InstanceCreatorImpl.java:92)
	... 61 more
Caused by: org.bson.codecs.configuration.CodecConfigurationException
	at org.bson.codecs.pojo.CreatorExecutable.getInstance(CreatorExecutable.java:129)
	at org.bson.codecs.pojo.InstanceCreatorImpl.constructInstanceAndProcessCachedValues(InstanceCreatorImpl.java:104)
	... 62 more
Caused by: java.lang.IllegalArgumentException
	at java.base/jdk.internal.reflect.NativeConstructorAccessorImpl.newInstance0(Native Method)
	at java.base/jdk.internal.reflect.NativeConstructorAccessorImpl.newInstance(NativeConstructorAccessorImpl.java:77)
	at java.base/jdk.internal.reflect.DelegatingConstructorAccessorImpl.newInstance(DelegatingConstructorAccessorImpl.java:45)
	at java.base/java.lang.reflect.Constructor.newInstanceWithCaller(Constructor.java:499)
	at java.base/java.lang.reflect.Constructor.newInstance(Constructor.java:480)
	at org.bson.codecs.pojo.CreatorExecutable.getInstance(CreatorExecutable.java:124)
	... 63 more
</error>
    <system-out>13:32:08.051 [main] DEBUG org.mongodb.driver.protocol.command - Sending command &apos;{&quot;insert&quot;: &quot;sitters&quot;, &quot;ordered&quot;: true, &quot;txnNumber&quot;: 2, &quot;$db&quot;: &quot;SITTER&quot;, &quot;$clusterTime&quot;: {&quot;clusterTime&quot;: {&quot;$timestamp&quot;: {&quot;t&quot;: 1668688327, &quot;i&quot;: 22}}, &quot;signature&quot;: {&quot;hash&quot;: {&quot;$binary&quot;: {&quot;base64&quot;: &quot;j19V7BK0mU5cEfRXtguzoxjWv9k=&quot;, &quot;subType&quot;: &quot;00&quot;}}, &quot;keyId&quot;: 7166960687875358726}}, &quot;lsid&quot;: {&quot;id&quot;: {&quot;$binary&quot;: {&quot;base64&quot;: &quot;W/HreJm1RDqFOmHHRC0/UA==&quot;, &quot;subType&quot;: &quot;04&quot;}}}, &quot;documents&quot;: [{&quot;_id&quot;: {&quot;$binary&quot;: {&quot;base64&quot;: &quot;uawHiHJ0Sbu/Ded6MJob8Q==&quot;, &quot;subType&quot;: &quot;04&quot;}}, &quot;available&quot;: true, &quot;basePrice&quot;: 100.0, &quot;firstName&quot;: &quot;Wojciech&quot;, &quot;lastName&quot;: &quot;Kowalski&quot;, &quot;minAge&quot;: 10, &quot;sitterType&quot;: &quot;ACADEMIC&quot;, &quot;skill&quot;: &quot;Maths&quot;}]}&apos; with request id 59 to database SITTER on connection [connectionId{localValue:15, serverValue:239}] to server localhost:27017
13:32:08.063 [main] DEBUG org.mongodb.driver.protocol.command - Execution of command with request id 59 completed successfully in 12.27 ms on connection [connectionId{localValue:15, serverValue:239}] to server localhost:27017
13:32:08.066 [main] DEBUG org.mongodb.driver.protocol.command - Sending command &apos;{&quot;insert&quot;: &quot;sitters&quot;, &quot;ordered&quot;: true, &quot;txnNumber&quot;: 3, &quot;$db&quot;: &quot;SITTER&quot;, &quot;$clusterTime&quot;: {&quot;clusterTime&quot;: {&quot;$timestamp&quot;: {&quot;t&quot;: 1668688328, &quot;i&quot;: 1}}, &quot;signature&quot;: {&quot;hash&quot;: {&quot;$binary&quot;: {&quot;base64&quot;: &quot;Ev6sWfyUd/i7sf5h/qdYHl7v0Lc=&quot;, &quot;subType&quot;: &quot;00&quot;}}, &quot;keyId&quot;: 7166960687875358726}}, &quot;lsid&quot;: {&quot;id&quot;: {&quot;$binary&quot;: {&quot;base64&quot;: &quot;W/HreJm1RDqFOmHHRC0/UA==&quot;, &quot;subType&quot;: &quot;04&quot;}}}, &quot;documents&quot;: [{&quot;_id&quot;: {&quot;$binary&quot;: {&quot;base64&quot;: &quot;cR+Yy6zgS42FNurpdBNkUg==&quot;, &quot;subType&quot;: &quot;04&quot;}}, &quot;available&quot;: true, &quot;basePrice&quot;: 110.0, &quot;firstName&quot;: &quot;Katarzyna&quot;, &quot;lastName&quot;: &quot;Nowak&quot;, &quot;minAge&quot;: 7, &quot;sitterType&quot;: &quot;HOUSEKEEPER&quot;, &quot;skill&quot;: &quot;Cooking&quot;}]}&apos; with request id 60 to database SITTER on connection [connectionId{localValue:15, serverValue:239}] to server localhost:27017
13:32:08.078 [main] DEBUG org.mongodb.driver.protocol.command - Execution of command with request id 60 completed successfully in 13.67 ms on connection [connectionId{localValue:15, serverValue:239}] to server localhost:27017
13:32:08.084 [main] DEBUG org.mongodb.driver.protocol.command - Sending command &apos;{&quot;aggregate&quot;: &quot;sitters&quot;, &quot;pipeline&quot;: [{&quot;$match&quot;: {}}, {&quot;$group&quot;: {&quot;_id&quot;: 1, &quot;n&quot;: {&quot;$sum&quot;: 1}}}], &quot;cursor&quot;: {}, &quot;$db&quot;: &quot;SITTER&quot;, &quot;$clusterTime&quot;: {&quot;clusterTime&quot;: {&quot;$timestamp&quot;: {&quot;t&quot;: 1668688328, &quot;i&quot;: 2}}, &quot;signature&quot;: {&quot;hash&quot;: {&quot;$binary&quot;: {&quot;base64&quot;: &quot;Ev6sWfyUd/i7sf5h/qdYHl7v0Lc=&quot;, &quot;subType&quot;: &quot;00&quot;}}, &quot;keyId&quot;: 7166960687875358726}}, &quot;lsid&quot;: {&quot;id&quot;: {&quot;$binary&quot;: {&quot;base64&quot;: &quot;W/HreJm1RDqFOmHHRC0/UA==&quot;, &quot;subType&quot;: &quot;04&quot;}}}, &quot;$readPreference&quot;: {&quot;mode&quot;: &quot;primaryPreferred&quot;}}&apos; with request id 61 to database SITTER on connection [connectionId{localValue:15, serverValue:239}] to server localhost:27017
13:32:08.094 [main] DEBUG org.mongodb.driver.protocol.command - Execution of command with request id 61 completed successfully in 10.74 ms on connection [connectionId{localValue:15, serverValue:239}] to server localhost:27017
13:32:08.098 [main] DEBUG org.mongodb.driver.protocol.command - Sending command &apos;{&quot;findAndModify&quot;: &quot;sitters&quot;, &quot;query&quot;: {&quot;_id&quot;: {&quot;$binary&quot;: {&quot;base64&quot;: &quot;uawHiHJ0Sbu/Ded6MJob8Q==&quot;, &quot;subType&quot;: &quot;04&quot;}}}, &quot;remove&quot;: true, &quot;txnNumber&quot;: 4, &quot;$db&quot;: &quot;SITTER&quot;, &quot;$clusterTime&quot;: {&quot;clusterTime&quot;: {&quot;$timestamp&quot;: {&quot;t&quot;: 1668688328, &quot;i&quot;: 2}}, &quot;signature&quot;: {&quot;hash&quot;: {&quot;$binary&quot;: {&quot;base64&quot;: &quot;Ev6sWfyUd/i7sf5h/qdYHl7v0Lc=&quot;, &quot;subType&quot;: &quot;00&quot;}}, &quot;keyId&quot;: 7166960687875358726}}, &quot;lsid&quot;: {&quot;id&quot;: {&quot;$binary&quot;: {&quot;base64&quot;: &quot;W/HreJm1RDqFOmHHRC0/UA==&quot;, &quot;subType&quot;: &quot;04&quot;}}}}&apos; with request id 62 to database SITTER on connection [connectionId{localValue:15, serverValue:239}] to server localhost:27017
13:32:08.114 [main] DEBUG org.mongodb.driver.protocol.command - Execution of command with request id 62 completed successfully in 17.02 ms on connection [connectionId{localValue:15, serverValue:239}] to server localhost:27017
13:32:08.119 [main] DEBUG org.mongodb.driver.protocol.command - Execution of command with request id 62 failed to complete successfully in 19.36 ms on connection [connectionId{localValue:15, serverValue:239}] to server localhost:27017
org.bson.codecs.configuration.CodecConfigurationException: An exception occurred when decoding using the AutomaticPojoCodec.
Decoding into a &apos;SitterMgd&apos; failed with the following exception:

Could not construct new instance of: SitterMgd. Missing the following properties: [sitter_type, base_price, last_name, min_age, first_name, is_available]

A custom Codec or PojoCodec may need to be explicitly configured and registered to handle this type.
	at org.bson.codecs.pojo.AutomaticPojoCodec.decode(AutomaticPojoCodec.java:40)
	at com.mongodb.internal.operation.CommandResultDocumentCodec.readValue(CommandResultDocumentCodec.java:58)
	at org.bson.codecs.BsonDocumentCodec.decode(BsonDocumentCodec.java:87)
	at org.bson.codecs.BsonDocumentCodec.decode(BsonDocumentCodec.java:42)
	at com.mongodb.internal.connection.ReplyMessage.&lt;init&gt;(ReplyMessage.java:51)
	at com.mongodb.internal.connection.InternalStreamConnection.getCommandResult(InternalStreamConnection.java:476)
	at com.mongodb.internal.connection.InternalStreamConnection.receiveCommandMessageResponse(InternalStreamConnection.java:366)
	at com.mongodb.internal.connection.InternalStreamConnection.sendAndReceive(InternalStreamConnection.java:279)
	at com.mongodb.internal.connection.UsageTrackingInternalConnection.sendAndReceive(UsageTrackingInternalConnection.java:100)
	at com.mongodb.internal.connection.DefaultConnectionPool$PooledConnection.sendAndReceive(DefaultConnectionPool.java:490)
	at com.mongodb.internal.connection.CommandProtocolImpl.execute(CommandProtocolImpl.java:71)
	at com.mongodb.internal.connection.DefaultServer$DefaultServerProtocolExecutor.execute(DefaultServer.java:253)
	at com.mongodb.internal.connection.DefaultServerConnection.executeProtocol(DefaultServerConnection.java:202)
	at com.mongodb.internal.connection.DefaultServerConnection.command(DefaultServerConnection.java:118)
	at com.mongodb.internal.connection.DefaultServerConnection.command(DefaultServerConnection.java:110)
	at com.mongodb.internal.operation.CommandOperationHelper$13.call(CommandOperationHelper.java:712)
	at com.mongodb.internal.operation.OperationHelper.withReleasableConnection(OperationHelper.java:621)
	at com.mongodb.internal.operation.CommandOperationHelper.executeRetryableCommand(CommandOperationHelper.java:705)
	at com.mongodb.internal.operation.CommandOperationHelper.executeRetryableCommand(CommandOperationHelper.java:697)
	at com.mongodb.internal.operation.BaseFindAndModifyOperation.execute(BaseFindAndModifyOperation.java:69)
	at com.mongodb.client.internal.MongoClientDelegate$DelegateOperationExecutor.execute(MongoClientDelegate.java:187)
	at com.mongodb.client.internal.MongoCollectionImpl.executeFindOneAndDelete(MongoCollectionImpl.java:689)
	at com.mongodb.client.internal.MongoCollectionImpl.findOneAndDelete(MongoCollectionImpl.java:670)
	at com.mongodb.client.internal.MongoCollectionImpl.findOneAndDelete(MongoCollectionImpl.java:664)
	at repositories.SitterRepositoryMgd.remove(SitterRepositoryMgd.java:48)
	at managers.SitterManagerMgd.remove(SitterManagerMgd.java:23)
	at SitterMgdTest.sitterRemoveTest(SitterMgdTest.java:81)
	at java.base/jdk.internal.reflect.NativeMethodAccessorImpl.invoke0(Native Method)
	at java.base/jdk.internal.reflect.NativeMethodAccessorImpl.invoke(NativeMethodAccessorImpl.java:77)
	at java.base/jdk.internal.reflect.DelegatingMethodAccessorImpl.invoke(DelegatingMethodAccessorImpl.java:43)
	at java.base/java.lang.reflect.Method.invoke(Method.java:568)
	at org.junit.runners.model.FrameworkMethod$1.runReflectiveCall(FrameworkMethod.java:59)
	at org.junit.internal.runners.model.ReflectiveCallable.run(ReflectiveCallable.java:12)
	at org.junit.runners.model.FrameworkMethod.invokeExplosively(FrameworkMethod.java:56)
	at org.junit.internal.runners.statements.InvokeMethod.evaluate(InvokeMethod.java:17)
	at org.junit.runners.ParentRunner$3.evaluate(ParentRunner.java:306)
	at org.junit.runners.BlockJUnit4ClassRunner$1.evaluate(BlockJUnit4ClassRunner.java:100)
	at org.junit.runners.ParentRunner.runLeaf(ParentRunner.java:366)
	at org.junit.runners.BlockJUnit4ClassRunner.runChild(BlockJUnit4ClassRunner.java:103)
	at org.junit.runners.BlockJUnit4ClassRunner.runChild(BlockJUnit4ClassRunner.java:63)
	at org.junit.runners.ParentRunner$4.run(ParentRunner.java:331)
	at org.junit.runners.ParentRunner$1.schedule(ParentRunner.java:79)
	at org.junit.runners.ParentRunner.runChildren(ParentRunner.java:329)
	at org.junit.runners.ParentRunner.access$100(ParentRunner.java:66)
	at org.junit.runners.ParentRunner$2.evaluate(ParentRunner.java:293)
	at org.junit.runners.ParentRunner$3.evaluate(ParentRunner.java:306)
	at org.junit.runners.ParentRunner.run(ParentRunner.java:413)
	at org.apache.maven.surefire.junit4.JUnit4Provider.execute(JUnit4Provider.java:252)
	at org.apache.maven.surefire.junit4.JUnit4Provider.executeTestSet(JUnit4Provider.java:141)
	at org.apache.maven.surefire.junit4.JUnit4Provider.invoke(JUnit4Provider.java:112)
	at java.base/jdk.internal.reflect.NativeMethodAccessorImpl.invoke0(Native Method)
	at java.base/jdk.internal.reflect.NativeMethodAccessorImpl.invoke(NativeMethodAccessorImpl.java:77)
	at java.base/jdk.internal.reflect.DelegatingMethodAccessorImpl.invoke(DelegatingMethodAccessorImpl.java:43)
	at java.base/java.lang.reflect.Method.invoke(Method.java:568)
	at org.apache.maven.surefire.util.ReflectionUtils.invokeMethodWithArray(ReflectionUtils.java:189)
	at org.apache.maven.surefire.booter.ProviderFactory$ProviderProxy.invoke(ProviderFactory.java:165)
	at org.apache.maven.surefire.booter.ProviderFactory.invokeProvider(ProviderFactory.java:85)
	at org.apache.maven.surefire.booter.ForkedBooter.runSuitesInProcess(ForkedBooter.java:115)
	at org.apache.maven.surefire.booter.ForkedBooter.main(ForkedBooter.java:75)
Caused by: org.bson.codecs.configuration.CodecConfigurationException: Could not construct new instance of: SitterMgd. Missing the following properties: [sitter_type, base_price, last_name, min_age, first_name, is_available]
	at org.bson.codecs.pojo.InstanceCreatorImpl.getInstance(InstanceCreatorImpl.java:94)
	at org.bson.codecs.pojo.PojoCodecImpl.decode(PojoCodecImpl.java:104)
	at org.bson.codecs.pojo.PojoCodecImpl.decode(PojoCodecImpl.java:107)
	at org.bson.codecs.pojo.AutomaticPojoCodec.decode(AutomaticPojoCodec.java:37)
	... 58 common frames omitted
Caused by: org.bson.codecs.configuration.CodecConfigurationException: null
	at org.bson.codecs.pojo.InstanceCreatorImpl.constructInstanceAndProcessCachedValues(InstanceCreatorImpl.java:106)
	at org.bson.codecs.pojo.InstanceCreatorImpl.getInstance(InstanceCreatorImpl.java:92)
	... 61 common frames omitted
Caused by: org.bson.codecs.configuration.CodecConfigurationException: null
	at org.bson.codecs.pojo.CreatorExecutable.getInstance(CreatorExecutable.java:129)
	at org.bson.codecs.pojo.InstanceCreatorImpl.constructInstanceAndProcessCachedValues(InstanceCreatorImpl.java:104)
	... 62 common frames omitted
Caused by: java.lang.IllegalArgumentException: null
	at java.base/jdk.internal.reflect.NativeConstructorAccessorImpl.newInstance0(Native Method)
	at java.base/jdk.internal.reflect.NativeConstructorAccessorImpl.newInstance(NativeConstructorAccessorImpl.java:77)
	at java.base/jdk.internal.reflect.DelegatingConstructorAccessorImpl.newInstance(DelegatingConstructorAccessorImpl.java:45)
	at java.base/java.lang.reflect.Constructor.newInstanceWithCaller(Constructor.java:499)
	at java.base/java.lang.reflect.Constructor.newInstance(Constructor.java:480)
	at org.bson.codecs.pojo.CreatorExecutable.getInstance(CreatorExecutable.java:124)
	... 63 common frames omitted
</system-out>
  </testcase>
  <testcase classname="SitterMgdTest" name="sitterAddTest" time="0.061"/>
  <testcase classname="SitterMgdTest" name="sitterUpdateTest" time="0.036">
    <error message="An exception occurred when decoding using the AutomaticPojoCodec.
Decoding into a &apos;SitterMgd&apos; failed with the following exception:

Could not construct new instance of: SitterMgd. Missing the following properties: [sitter_type, base_price, last_name, min_age, first_name, is_available]

A custom Codec or PojoCodec may need to be explicitly configured and registered to handle this type." type="org.bson.codecs.configuration.CodecConfigurationException">org.bson.codecs.configuration.CodecConfigurationException: An exception occurred when decoding using the AutomaticPojoCodec.
Decoding into a &apos;SitterMgd&apos; failed with the following exception:

Could not construct new instance of: SitterMgd. Missing the following properties: [sitter_type, base_price, last_name, min_age, first_name, is_available]

A custom Codec or PojoCodec may need to be explicitly configured and registered to handle this type.
	at org.bson.codecs.pojo.AutomaticPojoCodec.decode(AutomaticPojoCodec.java:40)
	at com.mongodb.internal.operation.CommandResultArrayCodec.decode(CommandResultArrayCodec.java:52)
	at com.mongodb.internal.operation.CommandResultDocumentCodec.readValue(CommandResultDocumentCodec.java:60)
	at org.bson.codecs.BsonDocumentCodec.decode(BsonDocumentCodec.java:87)
	at org.bson.codecs.BsonDocumentCodec.decode(BsonDocumentCodec.java:42)
	at org.bson.internal.LazyCodec.decode(LazyCodec.java:48)
	at org.bson.codecs.BsonDocumentCodec.readValue(BsonDocumentCodec.java:104)
	at com.mongodb.internal.operation.CommandResultDocumentCodec.readValue(CommandResultDocumentCodec.java:63)
	at org.bson.codecs.BsonDocumentCodec.decode(BsonDocumentCodec.java:87)
	at org.bson.codecs.BsonDocumentCodec.decode(BsonDocumentCodec.java:42)
	at com.mongodb.internal.connection.ReplyMessage.&lt;init&gt;(ReplyMessage.java:51)
	at com.mongodb.internal.connection.InternalStreamConnection.getCommandResult(InternalStreamConnection.java:476)
	at com.mongodb.internal.connection.InternalStreamConnection.receiveCommandMessageResponse(InternalStreamConnection.java:366)
	at com.mongodb.internal.connection.InternalStreamConnection.sendAndReceive(InternalStreamConnection.java:279)
	at com.mongodb.internal.connection.UsageTrackingInternalConnection.sendAndReceive(UsageTrackingInternalConnection.java:100)
	at com.mongodb.internal.connection.DefaultConnectionPool$PooledConnection.sendAndReceive(DefaultConnectionPool.java:490)
	at com.mongodb.internal.connection.CommandProtocolImpl.execute(CommandProtocolImpl.java:71)
	at com.mongodb.internal.connection.DefaultServer$DefaultServerProtocolExecutor.execute(DefaultServer.java:253)
	at com.mongodb.internal.connection.DefaultServerConnection.executeProtocol(DefaultServerConnection.java:202)
	at com.mongodb.internal.connection.DefaultServerConnection.command(DefaultServerConnection.java:118)
	at com.mongodb.internal.connection.DefaultServerConnection.command(DefaultServerConnection.java:110)
	at com.mongodb.internal.operation.CommandOperationHelper.executeCommand(CommandOperationHelper.java:345)
	at com.mongodb.internal.operation.CommandOperationHelper.executeCommand(CommandOperationHelper.java:336)
	at com.mongodb.internal.operation.CommandOperationHelper.executeCommandWithConnection(CommandOperationHelper.java:222)
	at com.mongodb.internal.operation.FindOperation$1.call(FindOperation.java:658)
	at com.mongodb.internal.operation.FindOperation$1.call(FindOperation.java:652)
	at com.mongodb.internal.operation.OperationHelper.withReadConnectionSource(OperationHelper.java:583)
	at com.mongodb.internal.operation.FindOperation.execute(FindOperation.java:652)
	at com.mongodb.internal.operation.FindOperation.execute(FindOperation.java:80)
	at com.mongodb.client.internal.MongoClientDelegate$DelegateOperationExecutor.execute(MongoClientDelegate.java:170)
	at com.mongodb.client.internal.FindIterableImpl.first(FindIterableImpl.java:200)
	at repositories.SitterRepositoryMgd.getByEntityId(SitterRepositoryMgd.java:28)
	at SitterMgdTest.sitterUpdateTest(SitterMgdTest.java:60)
	at java.base/jdk.internal.reflect.NativeMethodAccessorImpl.invoke0(Native Method)
	at java.base/jdk.internal.reflect.NativeMethodAccessorImpl.invoke(NativeMethodAccessorImpl.java:77)
	at java.base/jdk.internal.reflect.DelegatingMethodAccessorImpl.invoke(DelegatingMethodAccessorImpl.java:43)
	at java.base/java.lang.reflect.Method.invoke(Method.java:568)
	at org.junit.runners.model.FrameworkMethod$1.runReflectiveCall(FrameworkMethod.java:59)
	at org.junit.internal.runners.model.ReflectiveCallable.run(ReflectiveCallable.java:12)
	at org.junit.runners.model.FrameworkMethod.invokeExplosively(FrameworkMethod.java:56)
	at org.junit.internal.runners.statements.InvokeMethod.evaluate(InvokeMethod.java:17)
	at org.junit.runners.ParentRunner$3.evaluate(ParentRunner.java:306)
	at org.junit.runners.BlockJUnit4ClassRunner$1.evaluate(BlockJUnit4ClassRunner.java:100)
	at org.junit.runners.ParentRunner.runLeaf(ParentRunner.java:366)
	at org.junit.runners.BlockJUnit4ClassRunner.runChild(BlockJUnit4ClassRunner.java:103)
	at org.junit.runners.BlockJUnit4ClassRunner.runChild(BlockJUnit4ClassRunner.java:63)
	at org.junit.runners.ParentRunner$4.run(ParentRunner.java:331)
	at org.junit.runners.ParentRunner$1.schedule(ParentRunner.java:79)
	at org.junit.runners.ParentRunner.runChildren(ParentRunner.java:329)
	at org.junit.runners.ParentRunner.access$100(ParentRunner.java:66)
	at org.junit.runners.ParentRunner$2.evaluate(ParentRunner.java:293)
	at org.junit.runners.ParentRunner$3.evaluate(ParentRunner.java:306)
	at org.junit.runners.ParentRunner.run(ParentRunner.java:413)
	at org.apache.maven.surefire.junit4.JUnit4Provider.execute(JUnit4Provider.java:252)
	at org.apache.maven.surefire.junit4.JUnit4Provider.executeTestSet(JUnit4Provider.java:141)
	at org.apache.maven.surefire.junit4.JUnit4Provider.invoke(JUnit4Provider.java:112)
	at java.base/jdk.internal.reflect.NativeMethodAccessorImpl.invoke0(Native Method)
	at java.base/jdk.internal.reflect.NativeMethodAccessorImpl.invoke(NativeMethodAccessorImpl.java:77)
	at java.base/jdk.internal.reflect.DelegatingMethodAccessorImpl.invoke(DelegatingMethodAccessorImpl.java:43)
	at java.base/java.lang.reflect.Method.invoke(Method.java:568)
	at org.apache.maven.surefire.util.ReflectionUtils.invokeMethodWithArray(ReflectionUtils.java:189)
	at org.apache.maven.surefire.booter.ProviderFactory$ProviderProxy.invoke(ProviderFactory.java:165)
	at org.apache.maven.surefire.booter.ProviderFactory.invokeProvider(ProviderFactory.java:85)
	at org.apache.maven.surefire.booter.ForkedBooter.runSuitesInProcess(ForkedBooter.java:115)
	at org.apache.maven.surefire.booter.ForkedBooter.main(ForkedBooter.java:75)
Caused by: org.bson.codecs.configuration.CodecConfigurationException: Could not construct new instance of: SitterMgd. Missing the following properties: [sitter_type, base_price, last_name, min_age, first_name, is_available]
	at org.bson.codecs.pojo.InstanceCreatorImpl.getInstance(InstanceCreatorImpl.java:94)
	at org.bson.codecs.pojo.PojoCodecImpl.decode(PojoCodecImpl.java:104)
	at org.bson.codecs.pojo.PojoCodecImpl.decode(PojoCodecImpl.java:107)
	at org.bson.codecs.pojo.AutomaticPojoCodec.decode(AutomaticPojoCodec.java:37)
	... 64 more
Caused by: org.bson.codecs.configuration.CodecConfigurationException
	at org.bson.codecs.pojo.InstanceCreatorImpl.constructInstanceAndProcessCachedValues(InstanceCreatorImpl.java:106)
	at org.bson.codecs.pojo.InstanceCreatorImpl.getInstance(InstanceCreatorImpl.java:92)
	... 67 more
Caused by: org.bson.codecs.configuration.CodecConfigurationException
	at org.bson.codecs.pojo.CreatorExecutable.getInstance(CreatorExecutable.java:129)
	at org.bson.codecs.pojo.InstanceCreatorImpl.constructInstanceAndProcessCachedValues(InstanceCreatorImpl.java:104)
	... 68 more
Caused by: java.lang.IllegalArgumentException
	at java.base/jdk.internal.reflect.NativeConstructorAccessorImpl.newInstance0(Native Method)
	at java.base/jdk.internal.reflect.NativeConstructorAccessorImpl.newInstance(NativeConstructorAccessorImpl.java:77)
	at java.base/jdk.internal.reflect.DelegatingConstructorAccessorImpl.newInstance(DelegatingConstructorAccessorImpl.java:45)
	at java.base/java.lang.reflect.Constructor.newInstanceWithCaller(Constructor.java:499)
	at java.base/java.lang.reflect.Constructor.newInstance(Constructor.java:480)
	at org.bson.codecs.pojo.CreatorExecutable.getInstance(CreatorExecutable.java:124)
	... 69 more
</error>
    <system-out>13:32:08.195 [main] DEBUG org.mongodb.driver.protocol.command - Sending command &apos;{&quot;insert&quot;: &quot;sitters&quot;, &quot;ordered&quot;: true, &quot;txnNumber&quot;: 7, &quot;$db&quot;: &quot;SITTER&quot;, &quot;$clusterTime&quot;: {&quot;clusterTime&quot;: {&quot;$timestamp&quot;: {&quot;t&quot;: 1668688328, &quot;i&quot;: 6}}, &quot;signature&quot;: {&quot;hash&quot;: {&quot;$binary&quot;: {&quot;base64&quot;: &quot;Ev6sWfyUd/i7sf5h/qdYHl7v0Lc=&quot;, &quot;subType&quot;: &quot;00&quot;}}, &quot;keyId&quot;: 7166960687875358726}}, &quot;lsid&quot;: {&quot;id&quot;: {&quot;$binary&quot;: {&quot;base64&quot;: &quot;W/HreJm1RDqFOmHHRC0/UA==&quot;, &quot;subType&quot;: &quot;04&quot;}}}, &quot;documents&quot;: [{&quot;_id&quot;: {&quot;$binary&quot;: {&quot;base64&quot;: &quot;s6KcScPJSvyN16fbfG5hkg==&quot;, &quot;subType&quot;: &quot;04&quot;}}, &quot;available&quot;: true, &quot;basePrice&quot;: 110.0, &quot;firstName&quot;: &quot;Katarzyna&quot;, &quot;lastName&quot;: &quot;Nowak&quot;, &quot;minAge&quot;: 7, &quot;sitterType&quot;: &quot;HOUSEKEEPER&quot;, &quot;skill&quot;: &quot;Cooking&quot;}]}&apos; with request id 68 to database SITTER on connection [connectionId{localValue:15, serverValue:239}] to server localhost:27017
13:32:08.213 [main] DEBUG org.mongodb.driver.protocol.command - Execution of command with request id 68 completed successfully in 18.50 ms on connection [connectionId{localValue:15, serverValue:239}] to server localhost:27017
13:32:08.215 [main] DEBUG org.mongodb.driver.protocol.command - Sending command &apos;{&quot;find&quot;: &quot;sitters&quot;, &quot;filter&quot;: {&quot;_id&quot;: {&quot;$binary&quot;: {&quot;base64&quot;: &quot;s6KcScPJSvyN16fbfG5hkg==&quot;, &quot;subType&quot;: &quot;04&quot;}}}, &quot;limit&quot;: 1, &quot;singleBatch&quot;: true, &quot;$db&quot;: &quot;SITTER&quot;, &quot;$clusterTime&quot;: {&quot;clusterTime&quot;: {&quot;$timestamp&quot;: {&quot;t&quot;: 1668688328, &quot;i&quot;: 7}}, &quot;signature&quot;: {&quot;hash&quot;: {&quot;$binary&quot;: {&quot;base64&quot;: &quot;Ev6sWfyUd/i7sf5h/qdYHl7v0Lc=&quot;, &quot;subType&quot;: &quot;00&quot;}}, &quot;keyId&quot;: 7166960687875358726}}, &quot;lsid&quot;: {&quot;id&quot;: {&quot;$binary&quot;: {&quot;base64&quot;: &quot;W/HreJm1RDqFOmHHRC0/UA==&quot;, &quot;subType&quot;: &quot;04&quot;}}}, &quot;$readPreference&quot;: {&quot;mode&quot;: &quot;primaryPreferred&quot;}}&apos; with request id 69 to database SITTER on connection [connectionId{localValue:15, serverValue:239}] to server localhost:27017
13:32:08.221 [main] DEBUG org.mongodb.driver.protocol.command - Execution of command with request id 69 completed successfully in 6.57 ms on connection [connectionId{localValue:15, serverValue:239}] to server localhost:27017
13:32:08.223 [main] DEBUG org.mongodb.driver.protocol.command - Execution of command with request id 69 failed to complete successfully in 7.73 ms on connection [connectionId{localValue:15, serverValue:239}] to server localhost:27017
org.bson.codecs.configuration.CodecConfigurationException: An exception occurred when decoding using the AutomaticPojoCodec.
Decoding into a &apos;SitterMgd&apos; failed with the following exception:

Could not construct new instance of: SitterMgd. Missing the following properties: [sitter_type, base_price, last_name, min_age, first_name, is_available]

A custom Codec or PojoCodec may need to be explicitly configured and registered to handle this type.
	at org.bson.codecs.pojo.AutomaticPojoCodec.decode(AutomaticPojoCodec.java:40)
	at com.mongodb.internal.operation.CommandResultArrayCodec.decode(CommandResultArrayCodec.java:52)
	at com.mongodb.internal.operation.CommandResultDocumentCodec.readValue(CommandResultDocumentCodec.java:60)
	at org.bson.codecs.BsonDocumentCodec.decode(BsonDocumentCodec.java:87)
	at org.bson.codecs.BsonDocumentCodec.decode(BsonDocumentCodec.java:42)
	at org.bson.internal.LazyCodec.decode(LazyCodec.java:48)
	at org.bson.codecs.BsonDocumentCodec.readValue(BsonDocumentCodec.java:104)
	at com.mongodb.internal.operation.CommandResultDocumentCodec.readValue(CommandResultDocumentCodec.java:63)
	at org.bson.codecs.BsonDocumentCodec.decode(BsonDocumentCodec.java:87)
	at org.bson.codecs.BsonDocumentCodec.decode(BsonDocumentCodec.java:42)
	at com.mongodb.internal.connection.ReplyMessage.&lt;init&gt;(ReplyMessage.java:51)
	at com.mongodb.internal.connection.InternalStreamConnection.getCommandResult(InternalStreamConnection.java:476)
	at com.mongodb.internal.connection.InternalStreamConnection.receiveCommandMessageResponse(InternalStreamConnection.java:366)
	at com.mongodb.internal.connection.InternalStreamConnection.sendAndReceive(InternalStreamConnection.java:279)
	at com.mongodb.internal.connection.UsageTrackingInternalConnection.sendAndReceive(UsageTrackingInternalConnection.java:100)
	at com.mongodb.internal.connection.DefaultConnectionPool$PooledConnection.sendAndReceive(DefaultConnectionPool.java:490)
	at com.mongodb.internal.connection.CommandProtocolImpl.execute(CommandProtocolImpl.java:71)
	at com.mongodb.internal.connection.DefaultServer$DefaultServerProtocolExecutor.execute(DefaultServer.java:253)
	at com.mongodb.internal.connection.DefaultServerConnection.executeProtocol(DefaultServerConnection.java:202)
	at com.mongodb.internal.connection.DefaultServerConnection.command(DefaultServerConnection.java:118)
	at com.mongodb.internal.connection.DefaultServerConnection.command(DefaultServerConnection.java:110)
	at com.mongodb.internal.operation.CommandOperationHelper.executeCommand(CommandOperationHelper.java:345)
	at com.mongodb.internal.operation.CommandOperationHelper.executeCommand(CommandOperationHelper.java:336)
	at com.mongodb.internal.operation.CommandOperationHelper.executeCommandWithConnection(CommandOperationHelper.java:222)
	at com.mongodb.internal.operation.FindOperation$1.call(FindOperation.java:658)
	at com.mongodb.internal.operation.FindOperation$1.call(FindOperation.java:652)
	at com.mongodb.internal.operation.OperationHelper.withReadConnectionSource(OperationHelper.java:583)
	at com.mongodb.internal.operation.FindOperation.execute(FindOperation.java:652)
	at com.mongodb.internal.operation.FindOperation.execute(FindOperation.java:80)
	at com.mongodb.client.internal.MongoClientDelegate$DelegateOperationExecutor.execute(MongoClientDelegate.java:170)
	at com.mongodb.client.internal.FindIterableImpl.first(FindIterableImpl.java:200)
	at repositories.SitterRepositoryMgd.getByEntityId(SitterRepositoryMgd.java:28)
	at SitterMgdTest.sitterUpdateTest(SitterMgdTest.java:60)
	at java.base/jdk.internal.reflect.NativeMethodAccessorImpl.invoke0(Native Method)
	at java.base/jdk.internal.reflect.NativeMethodAccessorImpl.invoke(NativeMethodAccessorImpl.java:77)
	at java.base/jdk.internal.reflect.DelegatingMethodAccessorImpl.invoke(DelegatingMethodAccessorImpl.java:43)
	at java.base/java.lang.reflect.Method.invoke(Method.java:568)
	at org.junit.runners.model.FrameworkMethod$1.runReflectiveCall(FrameworkMethod.java:59)
	at org.junit.internal.runners.model.ReflectiveCallable.run(ReflectiveCallable.java:12)
	at org.junit.runners.model.FrameworkMethod.invokeExplosively(FrameworkMethod.java:56)
	at org.junit.internal.runners.statements.InvokeMethod.evaluate(InvokeMethod.java:17)
	at org.junit.runners.ParentRunner$3.evaluate(ParentRunner.java:306)
	at org.junit.runners.BlockJUnit4ClassRunner$1.evaluate(BlockJUnit4ClassRunner.java:100)
	at org.junit.runners.ParentRunner.runLeaf(ParentRunner.java:366)
	at org.junit.runners.BlockJUnit4ClassRunner.runChild(BlockJUnit4ClassRunner.java:103)
	at org.junit.runners.BlockJUnit4ClassRunner.runChild(BlockJUnit4ClassRunner.java:63)
	at org.junit.runners.ParentRunner$4.run(ParentRunner.java:331)
	at org.junit.runners.ParentRunner$1.schedule(ParentRunner.java:79)
	at org.junit.runners.ParentRunner.runChildren(ParentRunner.java:329)
	at org.junit.runners.ParentRunner.access$100(ParentRunner.java:66)
	at org.junit.runners.ParentRunner$2.evaluate(ParentRunner.java:293)
	at org.junit.runners.ParentRunner$3.evaluate(ParentRunner.java:306)
	at org.junit.runners.ParentRunner.run(ParentRunner.java:413)
	at org.apache.maven.surefire.junit4.JUnit4Provider.execute(JUnit4Provider.java:252)
	at org.apache.maven.surefire.junit4.JUnit4Provider.executeTestSet(JUnit4Provider.java:141)
	at org.apache.maven.surefire.junit4.JUnit4Provider.invoke(JUnit4Provider.java:112)
	at java.base/jdk.internal.reflect.NativeMethodAccessorImpl.invoke0(Native Method)
	at java.base/jdk.internal.reflect.NativeMethodAccessorImpl.invoke(NativeMethodAccessorImpl.java:77)
	at java.base/jdk.internal.reflect.DelegatingMethodAccessorImpl.invoke(DelegatingMethodAccessorImpl.java:43)
	at java.base/java.lang.reflect.Method.invoke(Method.java:568)
	at org.apache.maven.surefire.util.ReflectionUtils.invokeMethodWithArray(ReflectionUtils.java:189)
	at org.apache.maven.surefire.booter.ProviderFactory$ProviderProxy.invoke(ProviderFactory.java:165)
	at org.apache.maven.surefire.booter.ProviderFactory.invokeProvider(ProviderFactory.java:85)
	at org.apache.maven.surefire.booter.ForkedBooter.runSuitesInProcess(ForkedBooter.java:115)
	at org.apache.maven.surefire.booter.ForkedBooter.main(ForkedBooter.java:75)
Caused by: org.bson.codecs.configuration.CodecConfigurationException: Could not construct new instance of: SitterMgd. Missing the following properties: [sitter_type, base_price, last_name, min_age, first_name, is_available]
	at org.bson.codecs.pojo.InstanceCreatorImpl.getInstance(InstanceCreatorImpl.java:94)
	at org.bson.codecs.pojo.PojoCodecImpl.decode(PojoCodecImpl.java:104)
	at org.bson.codecs.pojo.PojoCodecImpl.decode(PojoCodecImpl.java:107)
	at org.bson.codecs.pojo.AutomaticPojoCodec.decode(AutomaticPojoCodec.java:37)
	... 64 common frames omitted
Caused by: org.bson.codecs.configuration.CodecConfigurationException: null
	at org.bson.codecs.pojo.InstanceCreatorImpl.constructInstanceAndProcessCachedValues(InstanceCreatorImpl.java:106)
	at org.bson.codecs.pojo.InstanceCreatorImpl.getInstance(InstanceCreatorImpl.java:92)
	... 67 common frames omitted
Caused by: org.bson.codecs.configuration.CodecConfigurationException: null
	at org.bson.codecs.pojo.CreatorExecutable.getInstance(CreatorExecutable.java:129)
	at org.bson.codecs.pojo.InstanceCreatorImpl.constructInstanceAndProcessCachedValues(InstanceCreatorImpl.java:104)
	... 68 common frames omitted
Caused by: java.lang.IllegalArgumentException: null
	at java.base/jdk.internal.reflect.NativeConstructorAccessorImpl.newInstance0(Native Method)
	at java.base/jdk.internal.reflect.NativeConstructorAccessorImpl.newInstance(NativeConstructorAccessorImpl.java:77)
	at java.base/jdk.internal.reflect.DelegatingConstructorAccessorImpl.newInstance(DelegatingConstructorAccessorImpl.java:45)
	at java.base/java.lang.reflect.Constructor.newInstanceWithCaller(Constructor.java:499)
	at java.base/java.lang.reflect.Constructor.newInstance(Constructor.java:480)
	at org.bson.codecs.pojo.CreatorExecutable.getInstance(CreatorExecutable.java:124)
	... 69 common frames omitted
</system-out>
  </testcase>
</testsuite>